LayouterMode: RTX
[1;33m@owl: bvh build mem: 127 items, 2.98Kb bounds, 9.25Kb temp, 10.16Kb initBVH, 0b finalBVH[0m
Iteration: 1
Elapsed: 0.0100651
TimeRepulsiveForce: 0.0100651
AvgTimeRepulsiveForce: 0.0100651
TimeBuildAccel: 0.00410214
TimeTraverseAccel: 0.00876544
NumNodes: 127
NumEdges: 126
kValue: 0.976092
Temperature: 1.1
TimeAttractiveForces: 0.00115098
TimeDisperse: 0.00128394
TimeCopyBack: 8.608e-06

[1;33m@owl: bvh build mem: 127 items, 2.98Kb bounds, 9.25Kb temp, 10.16Kb initBVH, 0b finalBVH[0m
Iteration: 2
Elapsed: 0.00994304
TimeRepulsiveForce: 0.00994304
AvgTimeRepulsiveForce: 0.010004
TimeBuildAccel: 0.00731155
TimeTraverseAccel: 0.00855174
NumNodes: 127
NumEdges: 126
kValue: 0.976092
Temperature: 1.0989
TimeAttractiveForces: 0.00117082
TimeDisperse: 0.00115917
TimeCopyBack: 8.064e-06

[1;33m@owl: bvh build mem: 127 items, 2.98Kb bounds, 9.25Kb temp, 10.16Kb initBVH, 0b finalBVH[0m
Iteration: 3
Elapsed: 0.0105655
TimeRepulsiveForce: 0.0105655
AvgTimeRepulsiveForce: 0.0101912
TimeBuildAccel: 0.0079401
TimeTraverseAccel: 0.00918928
NumNodes: 127
NumEdges: 126
kValue: 0.976092
Temperature: 1.0978
TimeAttractiveForces: 0.00115274
TimeDisperse: 0.00148432
TimeCopyBack: 1.0272e-05

[1;33m@owl: bvh build mem: 127 items, 2.98Kb bounds, 9.25Kb temp, 10.16Kb initBVH, 0b finalBVH[0m
Iteration: 4
Elapsed: 0.0116944
TimeRepulsiveForce: 0.0116944
AvgTimeRepulsiveForce: 0.010567
TimeBuildAccel: 0.00878627
TimeTraverseAccel: 0.0103428
NumNodes: 127
NumEdges: 126
kValue: 0.976092
Temperature: 1.09671
TimeAttractiveForces: 0.00145894
TimeDisperse: 0.00148803
TimeCopyBack: 1.4656e-05

[1;33m@owl: bvh build mem: 127 items, 2.98Kb bounds, 9.25Kb temp, 10.16Kb initBVH, 0b finalBVH[0m
Iteration: 5
Elapsed: 0.0107367
TimeRepulsiveForce: 0.0107367
AvgTimeRepulsiveForce: 0.0106009
TimeBuildAccel: 0.00804042
TimeTraverseAccel: 0.00940419
NumNodes: 127
NumEdges: 126
kValue: 0.976092
Temperature: 1.09561
TimeAttractiveForces: 0.00125338
TimeDisperse: 0.00127002
TimeCopyBack: 7.776e-06

[1;33m@owl: bvh build mem: 127 items, 2.98Kb bounds, 9.25Kb temp, 10.16Kb initBVH, 0b finalBVH[0m
Iteration: 6
Elapsed: 0.0106153
TimeRepulsiveForce: 0.0106153
AvgTimeRepulsiveForce: 0.0106033
TimeBuildAccel: 0.00766605
TimeTraverseAccel: 0.0092063
NumNodes: 127
NumEdges: 126
kValue: 0.976092
Temperature: 1.09452
TimeAttractiveForces: 0.00125974
TimeDisperse: 0.00125795
TimeCopyBack: 1.2192e-05

[1;33m@owl: bvh build mem: 127 items, 2.98Kb bounds, 9.25Kb temp, 10.16Kb initBVH, 0b finalBVH[0m
Iteration: 7
Elapsed: 0.0104961
TimeRepulsiveForce: 0.0104961
AvgTimeRepulsiveForce: 0.010588
TimeBuildAccel: 0.00781315
TimeTraverseAccel: 0.00917712
NumNodes: 127
NumEdges: 126
kValue: 0.976092
Temperature: 1.09342
TimeAttractiveForces: 0.00145651
TimeDisperse: 0.00146419
TimeCopyBack: 1.6384e-05

[1;33m@owl: bvh build mem: 127 items, 2.98Kb bounds, 9.25Kb temp, 10.16Kb initBVH, 0b finalBVH[0m
Iteration: 8
Elapsed: 0.0107611
TimeRepulsiveForce: 0.0107611
AvgTimeRepulsiveForce: 0.0106097
TimeBuildAccel: 0.00832483
TimeTraverseAccel: 0.0095615
NumNodes: 127
NumEdges: 126
kValue: 0.976092
Temperature: 1.09233
TimeAttractiveForces: 0.001284
TimeDisperse: 0.00119802
TimeCopyBack: 8.608e-06

[1;33m@owl: bvh build mem: 127 items, 2.98Kb bounds, 9.25Kb temp, 10.16Kb initBVH, 0b finalBVH[0m
Iteration: 9
Elapsed: 0.0104329
TimeRepulsiveForce: 0.0104329
AvgTimeRepulsiveForce: 0.01059
TimeBuildAccel: 0.00768547
TimeTraverseAccel: 0.00895501
NumNodes: 127
NumEdges: 126
kValue: 0.976092
Temperature: 1.09124
TimeAttractiveForces: 0.00122822
TimeDisperse: 0.00121258
TimeCopyBack: 8.448e-06

[1;33m@owl: bvh build mem: 127 items, 2.98Kb bounds, 9.25Kb temp, 10.16Kb initBVH, 0b finalBVH[0m
Iteration: 10
Elapsed: 0.0106904
TimeRepulsiveForce: 0.0106904
AvgTimeRepulsiveForce: 0.0106001
TimeBuildAccel: 0.00806694
TimeTraverseAccel: 0.0093448
NumNodes: 127
NumEdges: 126
kValue: 0.976092
Temperature: 1.09015
TimeAttractiveForces: 0.00143242
TimeDisperse: 0.00125747
TimeCopyBack: 1.5552e-05

[1;33m@owl: bvh build mem: 127 items, 2.98Kb bounds, 9.25Kb temp, 10.16Kb initBVH, 0b finalBVH[0m
Iteration: 11
Elapsed: 0.0106344
TimeRepulsiveForce: 0.0106344
AvgTimeRepulsiveForce: 0.0106032
TimeBuildAccel: 0.00802128
TimeTraverseAccel: 0.0093528
NumNodes: 127
NumEdges: 126
kValue: 0.976092
Temperature: 1.08906
TimeAttractiveForces: 0.00120832
TimeDisperse: 0.00120528
TimeCopyBack: 1.008e-05

[1;33m@owl: bvh build mem: 127 items, 2.98Kb bounds, 9.25Kb temp, 10.16Kb initBVH, 0b finalBVH[0m
Iteration: 12
Elapsed: 0.0102464
TimeRepulsiveForce: 0.0102464
AvgTimeRepulsiveForce: 0.0105734
TimeBuildAccel: 0.00762496
TimeTraverseAccel: 0.00896432
NumNodes: 127
NumEdges: 126
kValue: 0.976092
Temperature: 1.08797
TimeAttractiveForces: 0.00120982
TimeDisperse: 0.00125952
TimeCopyBack: 9.12e-06

[1;33m@owl: bvh build mem: 127 items, 2.98Kb bounds, 9.25Kb temp, 10.16Kb initBVH, 0b finalBVH[0m
Iteration: 13
Elapsed: 0.0102823
TimeRepulsiveForce: 0.0102823
AvgTimeRepulsiveForce: 0.0105511
TimeBuildAccel: 0.00784291
TimeTraverseAccel: 0.00909424
NumNodes: 127
NumEdges: 126
kValue: 0.976092
Temperature: 1.08688
TimeAttractiveForces: 0.00118752
TimeDisperse: 0.00119594
TimeCopyBack: 9.152e-06

[1;33m@owl: bvh build mem: 127 items, 2.98Kb bounds, 9.25Kb temp, 10.16Kb initBVH, 0b finalBVH[0m
Iteration: 14
Elapsed: 0.0101951
TimeRepulsiveForce: 0.0101951
AvgTimeRepulsiveForce: 0.0105256
TimeBuildAccel: 0.0075919
TimeTraverseAccel: 0.00890435
NumNodes: 127
NumEdges: 126
kValue: 0.976092
Temperature: 1.0858
TimeAttractiveForces: 0.00117373
TimeDisperse: 0.00123152
TimeCopyBack: 1.2672e-05

[1;33m@owl: bvh build mem: 127 items, 2.98Kb bounds, 9.25Kb temp, 10.16Kb initBVH, 0b finalBVH[0m
Iteration: 15
Elapsed: 0.0104063
TimeRepulsiveForce: 0.0104063
AvgTimeRepulsiveForce: 0.0105177
TimeBuildAccel: 0.00780426
TimeTraverseAccel: 0.00907632
NumNodes: 127
NumEdges: 126
kValue: 0.976092
Temperature: 1.08471
TimeAttractiveForces: 0.0012433
TimeDisperse: 0.00123914
TimeCopyBack: 1.2192e-05

[1;33m@owl: bvh build mem: 127 items, 2.98Kb bounds, 9.25Kb temp, 10.16Kb initBVH, 0b finalBVH[0m
Iteration: 16
Elapsed: 0.0102356
TimeRepulsiveForce: 0.0102356
AvgTimeRepulsiveForce: 0.0105
TimeBuildAccel: 0.00760832
TimeTraverseAccel: 0.00888218
NumNodes: 127
NumEdges: 126
kValue: 0.976092
Temperature: 1.08363
TimeAttractiveForces: 0.00121114
TimeDisperse: 0.00119235
TimeCopyBack: 7.68e-06

[1;33m@owl: bvh build mem: 127 items, 2.98Kb bounds, 9.25Kb temp, 10.16Kb initBVH, 0b finalBVH[0m
Iteration: 17
Elapsed: 0.0105144
TimeRepulsiveForce: 0.0105144
AvgTimeRepulsiveForce: 0.0105009
TimeBuildAccel: 0.00788134
TimeTraverseAccel: 0.00918976
NumNodes: 127
NumEdges: 126
kValue: 0.976092
Temperature: 1.08255
TimeAttractiveForces: 0.0013912
TimeDisperse: 0.00120294
TimeCopyBack: 1.296e-05

[1;33m@owl: bvh build mem: 127 items, 2.98Kb bounds, 9.25Kb temp, 10.16Kb initBVH, 0b finalBVH[0m
Iteration: 18
Elapsed: 0.0104867
TimeRepulsiveForce: 0.0104867
AvgTimeRepulsiveForce: 0.0105001
TimeBuildAccel: 0.00785952
TimeTraverseAccel: 0.00915722
NumNodes: 127
NumEdges: 126
kValue: 0.976092
Temperature: 1.08147
TimeAttractiveForces: 0.00119757
TimeDisperse: 0.0012335
TimeCopyBack: 1.0752e-05

[1;33m@owl: bvh build mem: 127 items, 2.98Kb bounds, 9.25Kb temp, 10.16Kb initBVH, 0b finalBVH[0m
Iteration: 19
Elapsed: 0.0103002
TimeRepulsiveForce: 0.0103002
AvgTimeRepulsiveForce: 0.0104896
TimeBuildAccel: 0.0076705
TimeTraverseAccel: 0.0089391
NumNodes: 127
NumEdges: 126
kValue: 0.976092
Temperature: 1.08039
TimeAttractiveForces: 0.0012352
TimeDisperse: 0.00121664
TimeCopyBack: 1.3088e-05

[1;33m@owl: bvh build mem: 127 items, 2.98Kb bounds, 9.25Kb temp, 10.16Kb initBVH, 0b finalBVH[0m
Iteration: 20
Elapsed: 0.0102784
TimeRepulsiveForce: 0.0102784
AvgTimeRepulsiveForce: 0.010479
TimeBuildAccel: 0.00764688
TimeTraverseAccel: 0.0089495
NumNodes: 127
NumEdges: 126
kValue: 0.976092
Temperature: 1.07931
TimeAttractiveForces: 0.00119427
TimeDisperse: 0.00142566
TimeCopyBack: 1.2928e-05

[1;33m@owl: bvh build mem: 127 items, 2.98Kb bounds, 9.25Kb temp, 10.16Kb initBVH, 0b finalBVH[0m
Iteration: 21
Elapsed: 0.0105096
TimeRepulsiveForce: 0.0105096
AvgTimeRepulsiveForce: 0.0104805
TimeBuildAccel: 0.00767725
TimeTraverseAccel: 0.00917155
NumNodes: 127
NumEdges: 126
kValue: 0.976092
Temperature: 1.07823
TimeAttractiveForces: 0.00120214
TimeDisperse: 0.00123286
TimeCopyBack: 1.5264e-05

[1;33m@owl: bvh build mem: 127 items, 2.98Kb bounds, 9.25Kb temp, 10.16Kb initBVH, 0b finalBVH[0m
Iteration: 22
Elapsed: 0.010499
TimeRepulsiveForce: 0.010499
AvgTimeRepulsiveForce: 0.0104813
TimeBuildAccel: 0.00788301
TimeTraverseAccel: 0.00914854
NumNodes: 127
NumEdges: 126
kValue: 0.976092
Temperature: 1.07715
TimeAttractiveForces: 0.0014288
TimeDisperse: 0.00122874
TimeCopyBack: 1.4112e-05

[1;33m@owl: bvh build mem: 127 items, 2.98Kb bounds, 9.25Kb temp, 10.16Kb initBVH, 0b finalBVH[0m
Iteration: 23
Elapsed: 0.0102462
TimeRepulsiveForce: 0.0102462
AvgTimeRepulsiveForce: 0.0104711
TimeBuildAccel: 0.00764115
TimeTraverseAccel: 0.00888003
NumNodes: 127
NumEdges: 126
kValue: 0.976092
Temperature: 1.07608
TimeAttractiveForces: 0.00121037
TimeDisperse: 0.00118816
TimeCopyBack: 1.0336e-05

[1;33m@owl: bvh build mem: 127 items, 2.98Kb bounds, 9.25Kb temp, 10.16Kb initBVH, 0b finalBVH[0m
Iteration: 24
Elapsed: 0.0104381
TimeRepulsiveForce: 0.0104381
AvgTimeRepulsiveForce: 0.0104697
TimeBuildAccel: 0.00783213
TimeTraverseAccel: 0.00912333
NumNodes: 127
NumEdges: 126
kValue: 0.976092
Temperature: 1.075
TimeAttractiveForces: 0.00120403
TimeDisperse: 0.00117146
TimeCopyBack: 1.2288e-05

[1;33m@owl: bvh build mem: 127 items, 2.98Kb bounds, 9.25Kb temp, 10.16Kb initBVH, 0b finalBVH[0m
Iteration: 25
Elapsed: 0.0100516
TimeRepulsiveForce: 0.0100516
AvgTimeRepulsiveForce: 0.010453
TimeBuildAccel: 0.00761395
TimeTraverseAccel: 0.00888416
NumNodes: 127
NumEdges: 126
kValue: 0.976092
Temperature: 1.07393
TimeAttractiveForces: 0.00121248
TimeDisperse: 0.00119194
TimeCopyBack: 9.888e-06

[1;33m@owl: bvh build mem: 127 items, 2.98Kb bounds, 9.25Kb temp, 10.16Kb initBVH, 0b finalBVH[0m
Iteration: 26
Elapsed: 0.010267
TimeRepulsiveForce: 0.010267
AvgTimeRepulsiveForce: 0.0104458
TimeBuildAccel: 0.00763526
TimeTraverseAccel: 0.00894192
NumNodes: 127
NumEdges: 126
kValue: 0.976092
Temperature: 1.07285
TimeAttractiveForces: 0.00118634
TimeDisperse: 0.00123699
TimeCopyBack: 1.0016e-05

[1;33m@owl: bvh build mem: 127 items, 2.98Kb bounds, 9.25Kb temp, 10.16Kb initBVH, 0b finalBVH[0m
Iteration: 27
Elapsed: 0.0101212
TimeRepulsiveForce: 0.0101212
AvgTimeRepulsiveForce: 0.0104338
TimeBuildAccel: 0.00749402
TimeTraverseAccel: 0.00879037
NumNodes: 127
NumEdges: 126
kValue: 0.976092
Temperature: 1.07178
TimeAttractiveForces: 0.00119603
TimeDisperse: 0.00119808
TimeCopyBack: 7.968e-06

[1;33m@owl: bvh build mem: 127 items, 2.98Kb bounds, 9.25Kb temp, 10.16Kb initBVH, 0b finalBVH[0m
Iteration: 28
Elapsed: 0.0105128
TimeRepulsiveForce: 0.0105128
AvgTimeRepulsiveForce: 0.0104366
TimeBuildAccel: 0.0076681
TimeTraverseAccel: 0.0091833
NumNodes: 127
NumEdges: 126
kValue: 0.976092
Temperature: 1.07071
TimeAttractiveForces: 0.00119955
TimeDisperse: 0.00123808
TimeCopyBack: 1.2928e-05

[1;33m@owl: bvh build mem: 127 items, 2.98Kb bounds, 9.25Kb temp, 10.16Kb initBVH, 0b finalBVH[0m
Iteration: 29
Elapsed: 0.0103256
TimeRepulsiveForce: 0.0103256
AvgTimeRepulsiveForce: 0.0104328
TimeBuildAccel: 0.0078759
TimeTraverseAccel: 0.00914707
NumNodes: 127
NumEdges: 126
kValue: 0.976092
Temperature: 1.06964
TimeAttractiveForces: 0.00144176
TimeDisperse: 0.0012144
TimeCopyBack: 9.92e-06

[1;33m@owl: bvh build mem: 127 items, 2.98Kb bounds, 9.25Kb temp, 10.16Kb initBVH, 0b finalBVH[0m
Iteration: 30
Elapsed: 0.0105102
TimeRepulsiveForce: 0.0105102
AvgTimeRepulsiveForce: 0.0104354
TimeBuildAccel: 0.00787686
TimeTraverseAccel: 0.00912541
NumNodes: 127
NumEdges: 126
kValue: 0.976092
Temperature: 1.06857
TimeAttractiveForces: 0.00121818
TimeDisperse: 0.00120013
TimeCopyBack: 9.824e-06

[1;33m@owl: bvh build mem: 127 items, 2.98Kb bounds, 9.25Kb temp, 10.16Kb initBVH, 0b finalBVH[0m
Iteration: 31
Elapsed: 0.0102697
TimeRepulsiveForce: 0.0102697
AvgTimeRepulsiveForce: 0.01043
TimeBuildAccel: 0.00763379
TimeTraverseAccel: 0.00892419
NumNodes: 127
NumEdges: 126
kValue: 0.976092
Temperature: 1.06751
TimeAttractiveForces: 0.00120045
TimeDisperse: 0.00123466
TimeCopyBack: 1.5712e-05

[1;33m@owl: bvh build mem: 127 items, 2.98Kb bounds, 9.25Kb temp, 10.16Kb initBVH, 0b finalBVH[0m
Iteration: 32
Elapsed: 0.010308
TimeRepulsiveForce: 0.010308
AvgTimeRepulsiveForce: 0.0104262
TimeBuildAccel: 0.00767395
TimeTraverseAccel: 0.00892768
NumNodes: 127
NumEdges: 126
kValue: 0.976092
Temperature: 1.06644
TimeAttractiveForces: 0.00121398
TimeDisperse: 0.00139469
TimeCopyBack: 9.696e-06

[1;33m@owl: bvh build mem: 127 items, 2.98Kb bounds, 9.25Kb temp, 10.16Kb initBVH, 0b finalBVH[0m
Iteration: 33
Elapsed: 0.0104324
TimeRepulsiveForce: 0.0104324
AvgTimeRepulsiveForce: 0.0104264
TimeBuildAccel: 0.0075904
TimeTraverseAccel: 0.00906074
NumNodes: 127
NumEdges: 126
kValue: 0.976092
Temperature: 1.06537
TimeAttractiveForces: 0.00120858
TimeDisperse: 0.0011856
TimeCopyBack: 1.0368e-05

[1;33m@owl: bvh build mem: 127 items, 2.98Kb bounds, 9.25Kb temp, 10.16Kb initBVH, 0b finalBVH[0m
Iteration: 34
Elapsed: 0.0101192
TimeRepulsiveForce: 0.0101192
AvgTimeRepulsiveForce: 0.0104174
TimeBuildAccel: 0.00769782
TimeTraverseAccel: 0.00895139
NumNodes: 127
NumEdges: 126
kValue: 0.976092
Temperature: 1.06431
TimeAttractiveForces: 0.00119194
TimeDisperse: 0.00119405
TimeCopyBack: 1.4016e-05

[1;33m@owl: bvh build mem: 127 items, 2.98Kb bounds, 9.25Kb temp, 10.16Kb initBVH, 0b finalBVH[0m
Iteration: 35
Elapsed: 0.0103735
TimeRepulsiveForce: 0.0103735
AvgTimeRepulsiveForce: 0.0104161
TimeBuildAccel: 0.00777786
TimeTraverseAccel: 0.00901158
NumNodes: 127
NumEdges: 126
kValue: 0.976092
Temperature: 1.06325
TimeAttractiveForces: 0.00117811
TimeDisperse: 0.00116941
TimeCopyBack: 9.824e-06

[1;33m@owl: bvh build mem: 127 items, 2.98Kb bounds, 9.25Kb temp, 10.16Kb initBVH, 0b finalBVH[0m
Iteration: 36
Elapsed: 0.0102917
TimeRepulsiveForce: 0.0102917
AvgTimeRepulsiveForce: 0.0104127
TimeBuildAccel: 0.00772742
TimeTraverseAccel: 0.00900147
NumNodes: 127
NumEdges: 126
kValue: 0.976092
Temperature: 1.06218
TimeAttractiveForces: 0.00135002
TimeDisperse: 0.00118896
TimeCopyBack: 1.5488e-05

[1;33m@owl: bvh build mem: 127 items, 2.98Kb bounds, 9.25Kb temp, 10.16Kb initBVH, 0b finalBVH[0m
Iteration: 37
Elapsed: 0.010173
TimeRepulsiveForce: 0.010173
AvgTimeRepulsiveForce: 0.0104062
TimeBuildAccel: 0.00764637
TimeTraverseAccel: 0.00885885
NumNodes: 127
NumEdges: 126
kValue: 0.976092
Temperature: 1.06112
TimeAttractiveForces: 0.00137981
TimeDisperse: 0.00136624
TimeCopyBack: 1.28e-05

[1;33m@owl: bvh build mem: 127 items, 2.98Kb bounds, 9.25Kb temp, 10.16Kb initBVH, 0b finalBVH[0m
Iteration: 38
Elapsed: 0.00999987
TimeRepulsiveForce: 0.00999987
AvgTimeRepulsiveForce: 0.0103955
TimeBuildAccel: 0.00734886
TimeTraverseAccel: 0.00875594
NumNodes: 127
NumEdges: 126
kValue: 0.976092
Temperature: 1.06006
TimeAttractiveForces: 0.00115507
TimeDisperse: 0.00115248
TimeCopyBack: 1.6352e-05

[1;33m@owl: bvh build mem: 127 items, 2.98Kb bounds, 9.25Kb temp, 10.16Kb initBVH, 0b finalBVH[0m
Iteration: 39
Elapsed: 0.0103771
TimeRepulsiveForce: 0.0103771
AvgTimeRepulsiveForce: 0.010395
TimeBuildAccel: 0.00771264
TimeTraverseAccel: 0.00913395
NumNodes: 127
NumEdges: 126
kValue: 0.976092
Temperature: 1.059
TimeAttractiveForces: 0.00116077
TimeDisperse: 0.0013081
TimeCopyBack: 7.936e-06

[1;33m@owl: bvh build mem: 127 items, 2.98Kb bounds, 9.25Kb temp, 10.16Kb initBVH, 0b finalBVH[0m
Iteration: 40
Elapsed: 0.00997565
TimeRepulsiveForce: 0.00997565
AvgTimeRepulsiveForce: 0.0103845
TimeBuildAccel: 0.00749798
TimeTraverseAccel: 0.00882512
NumNodes: 127
NumEdges: 126
kValue: 0.976092
Temperature: 1.05794
TimeAttractiveForces: 0.00133891
TimeDisperse: 0.0013312
TimeCopyBack: 1.4848e-05

[1;33m@owl: bvh build mem: 127 items, 2.98Kb bounds, 9.25Kb temp, 10.16Kb initBVH, 0b finalBVH[0m
Iteration: 41
Elapsed: 0.0103136
TimeRepulsiveForce: 0.0103136
AvgTimeRepulsiveForce: 0.0103828
TimeBuildAccel: 0.0078065
TimeTraverseAccel: 0.00901318
NumNodes: 127
NumEdges: 126
kValue: 0.976092
Temperature: 1.05689
TimeAttractiveForces: 0.00136883
TimeDisperse: 0.00118784
TimeCopyBack: 1.408e-05

[1;33m@owl: bvh build mem: 127 items, 2.98Kb bounds, 9.25Kb temp, 10.16Kb initBVH, 0b finalBVH[0m
Iteration: 42
Elapsed: 0.00986538
TimeRepulsiveForce: 0.00986538
AvgTimeRepulsiveForce: 0.0103705
TimeBuildAccel: 0.00710051
TimeTraverseAccel: 0.00841744
NumNodes: 127
NumEdges: 126
kValue: 0.976092
Temperature: 1.05583
TimeAttractiveForces: 0.00118144
TimeDisperse: 0.00117965
TimeCopyBack: 1.0144e-05

[1;33m@owl: bvh build mem: 127 items, 2.98Kb bounds, 9.25Kb temp, 10.16Kb initBVH, 0b finalBVH[0m
Iteration: 43
Elapsed: 0.0105773
TimeRepulsiveForce: 0.0105773
AvgTimeRepulsiveForce: 0.0103753
TimeBuildAccel: 0.00806077
TimeTraverseAccel: 0.00927728
NumNodes: 127
NumEdges: 126
kValue: 0.976092
Temperature: 1.05478
TimeAttractiveForces: 0.0013553
TimeDisperse: 0.00135526
TimeCopyBack: 1.1104e-05

[1;33m@owl: bvh build mem: 127 items, 2.98Kb bounds, 9.25Kb temp, 10.16Kb initBVH, 0b finalBVH[0m
Iteration: 44
Elapsed: 0.01014
TimeRepulsiveForce: 0.01014
AvgTimeRepulsiveForce: 0.01037
TimeBuildAccel: 0.00753926
TimeTraverseAccel: 0.00895213
NumNodes: 127
NumEdges: 126
kValue: 0.976092
Temperature: 1.05372
TimeAttractiveForces: 0.0011777
TimeDisperse: 0.00116522
TimeCopyBack: 1.3664e-05

[1;33m@owl: bvh build mem: 127 items, 2.98Kb bounds, 9.25Kb temp, 10.16Kb initBVH, 0b finalBVH[0m
Iteration: 45
Elapsed: 0.0100849
TimeRepulsiveForce: 0.0100849
AvgTimeRepulsiveForce: 0.0103636
TimeBuildAccel: 0.00756909
TimeTraverseAccel: 0.00878611
NumNodes: 127
NumEdges: 126
kValue: 0.976092
Temperature: 1.05267
TimeAttractiveForces: 0.00124704
TimeDisperse: 0.00135421
TimeCopyBack: 9.568e-06

[1;33m@owl: bvh build mem: 127 items, 2.98Kb bounds, 9.25Kb temp, 10.16Kb initBVH, 0b finalBVH[0m
Iteration: 46
Elapsed: 0.0102311
TimeRepulsiveForce: 0.0102311
AvgTimeRepulsiveForce: 0.0103607
TimeBuildAccel: 0.00765814
TimeTraverseAccel: 0.0089552
NumNodes: 127
NumEdges: 126
kValue: 0.976092
Temperature: 1.05162
TimeAttractiveForces: 0.00133878
TimeDisperse: 0.00133722
TimeCopyBack: 1.296e-05

[1;33m@owl: bvh build mem: 127 items, 2.98Kb bounds, 9.25Kb temp, 10.16Kb initBVH, 0b finalBVH[0m
Iteration: 47
Elapsed: 0.0103296
TimeRepulsiveForce: 0.0103296
AvgTimeRepulsiveForce: 0.0103601
TimeBuildAccel: 0.00774067
TimeTraverseAccel: 0.0091193
NumNodes: 127
NumEdges: 126
kValue: 0.976092
Temperature: 1.05057
TimeAttractiveForces: 0.00125034
TimeDisperse: 0.00125315
TimeCopyBack: 1.2672e-05

[1;33m@owl: bvh build mem: 127 items, 2.98Kb bounds, 9.25Kb temp, 10.16Kb initBVH, 0b finalBVH[0m
Iteration: 48
Elapsed: 0.0105124
TimeRepulsiveForce: 0.0105124
AvgTimeRepulsiveForce: 0.0103632
TimeBuildAccel: 0.00792355
TimeTraverseAccel: 0.00930512
NumNodes: 127
NumEdges: 126
kValue: 0.976092
Temperature: 1.04952
TimeAttractiveForces: 0.00135942
TimeDisperse: 0.00124256
TimeCopyBack: 8.576e-06

[1;33m@owl: bvh build mem: 127 items, 2.98Kb bounds, 9.25Kb temp, 10.16Kb initBVH, 0b finalBVH[0m
Iteration: 49
Elapsed: 0.010307
TimeRepulsiveForce: 0.010307
AvgTimeRepulsiveForce: 0.0103621
TimeBuildAccel: 0.00774106
TimeTraverseAccel: 0.00903661
NumNodes: 127
NumEdges: 126
kValue: 0.976092
Temperature: 1.04847
TimeAttractiveForces: 0.00133187
TimeDisperse: 0.00132506
TimeCopyBack: 7.232e-06

[1;33m@owl: bvh build mem: 127 items, 2.98Kb bounds, 9.25Kb temp, 10.16Kb initBVH, 0b finalBVH[0m
Iteration: 50
Elapsed: 0.0102761
TimeRepulsiveForce: 0.0102761
AvgTimeRepulsiveForce: 0.0103604
TimeBuildAccel: 0.00761152
TimeTraverseAccel: 0.00897514
NumNodes: 127
NumEdges: 126
kValue: 0.976092
Temperature: 1.04742
TimeAttractiveForces: 0.00125024
TimeDisperse: 0.00123974
TimeCopyBack: 1.5264e-05

[1;33m@owl: bvh build mem: 127 items, 2.98Kb bounds, 9.25Kb temp, 10.16Kb initBVH, 0b finalBVH[0m
Iteration: 51
Elapsed: 0.0102674
TimeRepulsiveForce: 0.0102674
AvgTimeRepulsiveForce: 0.0103586
TimeBuildAccel: 0.00779955
TimeTraverseAccel: 0.00910026
NumNodes: 127
NumEdges: 126
kValue: 0.976092
Temperature: 1.04638
TimeAttractiveForces: 0.00120176
TimeDisperse: 0.00125462
TimeCopyBack: 1.3824e-05

[1;33m@owl: bvh build mem: 127 items, 2.98Kb bounds, 9.25Kb temp, 10.16Kb initBVH, 0b finalBVH[0m
Iteration: 52
Elapsed: 0.010126
TimeRepulsiveForce: 0.010126
AvgTimeRepulsiveForce: 0.0103541
TimeBuildAccel: 0.00755235
TimeTraverseAccel: 0.00887334
NumNodes: 127
NumEdges: 126
kValue: 0.976092
Temperature: 1.04533
TimeAttractiveForces: 0.00130832
TimeDisperse: 0.00129843
TimeCopyBack: 1.472e-05

[1;33m@owl: bvh build mem: 127 items, 2.98Kb bounds, 9.25Kb temp, 10.16Kb initBVH, 0b finalBVH[0m
Iteration: 53
Elapsed: 0.0104565
TimeRepulsiveForce: 0.0104565
AvgTimeRepulsiveForce: 0.010356
TimeBuildAccel: 0.0079073
TimeTraverseAccel: 0.00920387
NumNodes: 127
NumEdges: 126
kValue: 0.976092
Temperature: 1.04429
TimeAttractiveForces: 0.00132099
TimeDisperse: 0.00131584
TimeCopyBack: 1.2928e-05

[1;33m@owl: bvh build mem: 127 items, 2.98Kb bounds, 9.25Kb temp, 10.16Kb initBVH, 0b finalBVH[0m
Iteration: 54
Elapsed: 0.0101796
TimeRepulsiveForce: 0.0101796
AvgTimeRepulsiveForce: 0.0103527
TimeBuildAccel: 0.00773347
TimeTraverseAccel: 0.00898227
NumNodes: 127
NumEdges: 126
kValue: 0.976092
Temperature: 1.04324
TimeAttractiveForces: 0.00125792
TimeDisperse: 0.00124013
TimeCopyBack: 9.088e-06

[1;33m@owl: bvh build mem: 127 items, 2.98Kb bounds, 9.25Kb temp, 10.16Kb initBVH, 0b finalBVH[0m
Iteration: 55
Elapsed: 0.0102061
TimeRepulsiveForce: 0.0102061
AvgTimeRepulsiveForce: 0.0103501
TimeBuildAccel: 0.00769955
TimeTraverseAccel: 0.00896845
NumNodes: 127
NumEdges: 126
kValue: 0.976092
Temperature: 1.0422
TimeAttractiveForces: 0.00121318
TimeDisperse: 0.00127222
TimeCopyBack: 1.536e-05

[1;33m@owl: bvh build mem: 127 items, 2.98Kb bounds, 9.25Kb temp, 10.16Kb initBVH, 0b finalBVH[0m
Iteration: 56
Elapsed: 0.0104244
TimeRepulsiveForce: 0.0104244
AvgTimeRepulsiveForce: 0.0103514
TimeBuildAccel: 0.00792173
TimeTraverseAccel: 0.00923558
NumNodes: 127
NumEdges: 126
kValue: 0.976092
Temperature: 1.04116
TimeAttractiveForces: 0.0012327
TimeDisperse: 0.00124934
TimeCopyBack: 1.5136e-05

[1;33m@owl: bvh build mem: 127 items, 2.98Kb bounds, 9.25Kb temp, 10.16Kb initBVH, 0b finalBVH[0m
Iteration: 57
Elapsed: 0.00999533
TimeRepulsiveForce: 0.00999533
AvgTimeRepulsiveForce: 0.0103452
TimeBuildAccel: 0.00748058
TimeTraverseAccel: 0.00884426
NumNodes: 127
NumEdges: 126
kValue: 0.976092
Temperature: 1.04012
TimeAttractiveForces: 0.00128029
TimeDisperse: 0.00127181
TimeCopyBack: 8.832e-06

[1;33m@owl: bvh build mem: 127 items, 2.98Kb bounds, 9.25Kb temp, 10.16Kb initBVH, 0b finalBVH[0m
Iteration: 58
Elapsed: 0.010035
TimeRepulsiveForce: 0.010035
AvgTimeRepulsiveForce: 0.0103398
TimeBuildAccel: 0.00762259
TimeTraverseAccel: 0.00888784
NumNodes: 127
NumEdges: 126
kValue: 0.976092
Temperature: 1.03908
TimeAttractiveForces: 0.00128688
TimeDisperse: 0.00120627
TimeCopyBack: 8.512e-06

[1;33m@owl: bvh build mem: 127 items, 2.98Kb bounds, 9.25Kb temp, 10.16Kb initBVH, 0b finalBVH[0m
Iteration: 59
Elapsed: 0.0100813
TimeRepulsiveForce: 0.0100813
AvgTimeRepulsiveForce: 0.0103354
TimeBuildAccel: 0.00771187
TimeTraverseAccel: 0.00891171
NumNodes: 127
NumEdges: 126
kValue: 0.976092
Temperature: 1.03804
TimeAttractiveForces: 0.00125632
TimeDisperse: 0.00115955
TimeCopyBack: 1.1968e-05

[1;33m@owl: bvh build mem: 127 items, 2.98Kb bounds, 9.25Kb temp, 10.16Kb initBVH, 0b finalBVH[0m
Iteration: 60
Elapsed: 0.0100967
TimeRepulsiveForce: 0.0100967
AvgTimeRepulsiveForce: 0.0103315
TimeBuildAccel: 0.00765357
TimeTraverseAccel: 0.00889043
NumNodes: 127
NumEdges: 126
kValue: 0.976092
Temperature: 1.03701
TimeAttractiveForces: 0.00134243
TimeDisperse: 0.00122538
TimeCopyBack: 9.312e-06

[1;33m@owl: bvh build mem: 127 items, 2.98Kb bounds, 9.25Kb temp, 10.16Kb initBVH, 0b finalBVH[0m
Iteration: 61
Elapsed: 0.0103905
TimeRepulsiveForce: 0.0103905
AvgTimeRepulsiveForce: 0.0103324
TimeBuildAccel: 0.00773818
TimeTraverseAccel: 0.00904957
NumNodes: 127
NumEdges: 126
kValue: 0.976092
Temperature: 1.03597
TimeAttractiveForces: 0.00115245
TimeDisperse: 0.00118592
TimeCopyBack: 1.2992e-05

[1;33m@owl: bvh build mem: 127 items, 2.98Kb bounds, 9.25Kb temp, 10.16Kb initBVH, 0b finalBVH[0m
Iteration: 62
Elapsed: 0.0103393
TimeRepulsiveForce: 0.0103393
AvgTimeRepulsiveForce: 0.0103325
TimeBuildAccel: 0.00771552
TimeTraverseAccel: 0.00890947
NumNodes: 127
NumEdges: 126
kValue: 0.976092
Temperature: 1.03493
TimeAttractiveForces: 0.00140064
TimeDisperse: 0.00116326
TimeCopyBack: 1.056e-05

[1;33m@owl: bvh build mem: 127 items, 2.98Kb bounds, 9.25Kb temp, 10.16Kb initBVH, 0b finalBVH[0m
Iteration: 63
Elapsed: 0.0101125
TimeRepulsiveForce: 0.0101125
AvgTimeRepulsiveForce: 0.010329
TimeBuildAccel: 0.00770982
TimeTraverseAccel: 0.00894845
NumNodes: 127
NumEdges: 126
kValue: 0.976092
Temperature: 1.0339
TimeAttractiveForces: 0.00120768
TimeDisperse: 0.00121315
TimeCopyBack: 1.008e-05

[1;33m@owl: bvh build mem: 127 items, 2.98Kb bounds, 9.25Kb temp, 10.16Kb initBVH, 0b finalBVH[0m
Iteration: 64
Elapsed: 0.0103153
TimeRepulsiveForce: 0.0103153
AvgTimeRepulsiveForce: 0.0103288
TimeBuildAccel: 0.00767811
TimeTraverseAccel: 0.00889869
NumNodes: 127
NumEdges: 126
kValue: 0.976092
Temperature: 1.03287
TimeAttractiveForces: 0.00142832
TimeDisperse: 0.00115962
TimeCopyBack: 7.84e-06

[1;33m@owl: bvh build mem: 127 items, 2.98Kb bounds, 9.25Kb temp, 10.16Kb initBVH, 0b finalBVH[0m
Iteration: 65
Elapsed: 0.0103023
TimeRepulsiveForce: 0.0103023
AvgTimeRepulsiveForce: 0.0103284
TimeBuildAccel: 0.00767277
TimeTraverseAccel: 0.0091329
NumNodes: 127
NumEdges: 126
kValue: 0.976092
Temperature: 1.03184
TimeAttractiveForces: 0.00143584
TimeDisperse: 0.00123517
TimeCopyBack: 1.5488e-05

[1;33m@owl: bvh build mem: 127 items, 2.98Kb bounds, 9.25Kb temp, 10.16Kb initBVH, 0b finalBVH[0m
Iteration: 66
Elapsed: 0.0103304
TimeRepulsiveForce: 0.0103304
AvgTimeRepulsiveForce: 0.0103284
TimeBuildAccel: 0.00764774
TimeTraverseAccel: 0.00891293
NumNodes: 127
NumEdges: 126
kValue: 0.976092
Temperature: 1.0308
TimeAttractiveForces: 0.00115507
TimeDisperse: 0.00121971
TimeCopyBack: 1.248e-05

[1;33m@owl: bvh build mem: 127 items, 2.98Kb bounds, 9.25Kb temp, 10.16Kb initBVH, 0b finalBVH[0m
Iteration: 67
Elapsed: 0.0106645
TimeRepulsiveForce: 0.0106645
AvgTimeRepulsiveForce: 0.0103335
TimeBuildAccel: 0.00802874
TimeTraverseAccel: 0.00950947
NumNodes: 127
NumEdges: 126
kValue: 0.976092
Temperature: 1.02978
TimeAttractiveForces: 0.00121485
TimeDisperse: 0.00120982
TimeCopyBack: 1.4112e-05

[1;33m@owl: bvh build mem: 127 items, 2.98Kb bounds, 9.25Kb temp, 10.16Kb initBVH, 0b finalBVH[0m
Iteration: 68
Elapsed: 0.0102914
TimeRepulsiveForce: 0.0102914
AvgTimeRepulsiveForce: 0.0103328
TimeBuildAccel: 0.00757722
TimeTraverseAccel: 0.00907629
NumNodes: 127
NumEdges: 126
kValue: 0.976092
Temperature: 1.02875
TimeAttractiveForces: 0.00115389
TimeDisperse: 0.00150883
TimeCopyBack: 1.5104e-05

[1;33m@owl: bvh build mem: 127 items, 2.98Kb bounds, 9.25Kb temp, 10.16Kb initBVH, 0b finalBVH[0m
Iteration: 69
Elapsed: 0.0104931
TimeRepulsiveForce: 0.0104931
AvgTimeRepulsiveForce: 0.0103352
TimeBuildAccel: 0.00777334
TimeTraverseAccel: 0.00929094
NumNodes: 127
NumEdges: 126
kValue: 0.976092
Temperature: 1.02772
TimeAttractiveForces: 0.00145414
TimeDisperse: 0.0011511
TimeCopyBack: 1.2192e-05

[1;33m@owl: bvh build mem: 127 items, 2.98Kb bounds, 9.25Kb temp, 10.16Kb initBVH, 0b finalBVH[0m
Iteration: 70
Elapsed: 0.0097896
TimeRepulsiveForce: 0.0097896
AvgTimeRepulsiveForce: 0.0103274
TimeBuildAccel: 0.00719683
TimeTraverseAccel: 0.0084055
NumNodes: 127
NumEdges: 126
kValue: 0.976092
Temperature: 1.02669
TimeAttractiveForces: 0.00115498
TimeDisperse: 0.00122586
TimeCopyBack: 1.392e-05

[1;33m@owl: bvh build mem: 127 items, 2.98Kb bounds, 9.25Kb temp, 10.16Kb initBVH, 0b finalBVH[0m
Iteration: 71
Elapsed: 0.0105536
TimeRepulsiveForce: 0.0105536
AvgTimeRepulsiveForce: 0.0103306
TimeBuildAccel: 0.00789587
TimeTraverseAccel: 0.00919261
NumNodes: 127
NumEdges: 126
kValue: 0.976092
Temperature: 1.02567
TimeAttractiveForces: 0.00144067
TimeDisperse: 0.00115098
TimeCopyBack: 9.344e-06

[1;33m@owl: bvh build mem: 127 items, 2.98Kb bounds, 9.25Kb temp, 10.16Kb initBVH, 0b finalBVH[0m
Iteration: 72
Elapsed: 0.0104373
TimeRepulsiveForce: 0.0104373
AvgTimeRepulsiveForce: 0.010332
TimeBuildAccel: 0.00779859
TimeTraverseAccel: 0.00905866
NumNodes: 127
NumEdges: 126
kValue: 0.976092
Temperature: 1.02464
TimeAttractiveForces: 0.00131891
TimeDisperse: 0.00116198
TimeCopyBack: 7.552e-06

[1;33m@owl: bvh build mem: 127 items, 2.98Kb bounds, 9.25Kb temp, 10.16Kb initBVH, 0b finalBVH[0m
Iteration: 73
Elapsed: 0.0104896
TimeRepulsiveForce: 0.0104896
AvgTimeRepulsiveForce: 0.0103342
TimeBuildAccel: 0.00793651
TimeTraverseAccel: 0.00914592
NumNodes: 127
NumEdges: 126
kValue: 0.976092
Temperature: 1.02362
TimeAttractiveForces: 0.00115101
TimeDisperse: 0.00122694
TimeCopyBack: 1.2768e-05

[1;33m@owl: bvh build mem: 127 items, 2.98Kb bounds, 9.25Kb temp, 10.16Kb initBVH, 0b finalBVH[0m
Iteration: 74
Elapsed: 0.0105153
TimeRepulsiveForce: 0.0105153
AvgTimeRepulsiveForce: 0.0103366
TimeBuildAccel: 0.00806643
TimeTraverseAccel: 0.00925962
NumNodes: 127
NumEdges: 126
kValue: 0.976092
Temperature: 1.0226
TimeAttractiveForces: 0.00116512
TimeDisperse: 0.0012329
TimeCopyBack: 1.0016e-05

[1;33m@owl: bvh build mem: 127 items, 2.98Kb bounds, 9.25Kb temp, 10.16Kb initBVH, 0b finalBVH[0m
Iteration: 75
Elapsed: 0.010554
TimeRepulsiveForce: 0.010554
AvgTimeRepulsiveForce: 0.0103395
TimeBuildAccel: 0.00790813
TimeTraverseAccel: 0.00937645
NumNodes: 127
NumEdges: 126
kValue: 0.976092
Temperature: 1.02157
TimeAttractiveForces: 0.00121654
TimeDisperse: 0.00121712
TimeCopyBack: 1.4688e-05

[1;33m@owl: bvh build mem: 127 items, 2.98Kb bounds, 9.25Kb temp, 10.16Kb initBVH, 0b finalBVH[0m
Iteration: 76
Elapsed: 0.0107153
TimeRepulsiveForce: 0.0107153
AvgTimeRepulsiveForce: 0.0103445
TimeBuildAccel: 0.00808573
TimeTraverseAccel: 0.00934496
NumNodes: 127
NumEdges: 126
kValue: 0.976092
Temperature: 1.02055
TimeAttractiveForces: 0.00115712
TimeDisperse: 0.00123194
TimeCopyBack: 1.2832e-05

[1;33m@owl: bvh build mem: 127 items, 2.98Kb bounds, 9.25Kb temp, 10.16Kb initBVH, 0b finalBVH[0m
Iteration: 77
Elapsed: 0.0106346
TimeRepulsiveForce: 0.0106346
AvgTimeRepulsiveForce: 0.0103483
TimeBuildAccel: 0.00799235
TimeTraverseAccel: 0.00925178
NumNodes: 127
NumEdges: 126
kValue: 0.976092
Temperature: 1.01953
TimeAttractiveForces: 0.0014249
TimeDisperse: 0.0011568
TimeCopyBack: 1.4304e-05

[1;33m@owl: bvh build mem: 127 items, 2.98Kb bounds, 9.25Kb temp, 10.16Kb initBVH, 0b finalBVH[0m
Iteration: 78
Elapsed: 0.0106817
TimeRepulsiveForce: 0.0106817
AvgTimeRepulsiveForce: 0.0103525
TimeBuildAccel: 0.00802774
TimeTraverseAccel: 0.00951872
NumNodes: 127
NumEdges: 126
kValue: 0.976092
Temperature: 1.01851
TimeAttractiveForces: 0.00145325
TimeDisperse: 0.00135603
TimeCopyBack: 8.672e-06

[1;33m@owl: bvh build mem: 127 items, 2.98Kb bounds, 9.25Kb temp, 10.16Kb initBVH, 0b finalBVH[0m
Iteration: 79
Elapsed: 0.0106496
TimeRepulsiveForce: 0.0106496
AvgTimeRepulsiveForce: 0.0103563
TimeBuildAccel: 0.00796349
TimeTraverseAccel: 0.00925798
NumNodes: 127
NumEdges: 126
kValue: 0.976092
Temperature: 1.0175
TimeAttractiveForces: 0.00115466
TimeDisperse: 0.00121846
TimeCopyBack: 1.2256e-05

[1;33m@owl: bvh build mem: 127 items, 2.98Kb bounds, 9.25Kb temp, 10.16Kb initBVH, 0b finalBVH[0m
Iteration: 80
Elapsed: 0.0104986
TimeRepulsiveForce: 0.0104986
AvgTimeRepulsiveForce: 0.0103581
TimeBuildAccel: 0.00781414
TimeTraverseAccel: 0.00908381
NumNodes: 127
NumEdges: 126
kValue: 0.976092
Temperature: 1.01648
TimeAttractiveForces: 0.00135606
TimeDisperse: 0.00116211
TimeCopyBack: 1.216e-05

[1;33m@owl: bvh build mem: 127 items, 2.98Kb bounds, 9.25Kb temp, 10.16Kb initBVH, 0b finalBVH[0m
Iteration: 81
Elapsed: 0.0100645
TimeRepulsiveForce: 0.0100645
AvgTimeRepulsiveForce: 0.0103544
TimeBuildAccel: 0.00747011
TimeTraverseAccel: 0.00867226
NumNodes: 127
NumEdges: 126
kValue: 0.976092
Temperature: 1.01547
TimeAttractiveForces: 0.00115357
TimeDisperse: 0.001224
TimeCopyBack: 1.3728e-05

[1;33m@owl: bvh build mem: 127 items, 2.98Kb bounds, 9.25Kb temp, 10.16Kb initBVH, 0b finalBVH[0m
Iteration: 82
Elapsed: 0.0100722
TimeRepulsiveForce: 0.0100722
AvgTimeRepulsiveForce: 0.010351
TimeBuildAccel: 0.00749792
TimeTraverseAccel: 0.00876317
NumNodes: 127
NumEdges: 126
kValue: 0.976092
Temperature: 1.01445
TimeAttractiveForces: 0.00116157
TimeDisperse: 0.0012239
TimeCopyBack: 1.376e-05

[1;33m@owl: bvh build mem: 127 items, 2.98Kb bounds, 9.25Kb temp, 10.16Kb initBVH, 0b finalBVH[0m
Iteration: 83
Elapsed: 0.0104004
TimeRepulsiveForce: 0.0104004
AvgTimeRepulsiveForce: 0.0103516
TimeBuildAccel: 0.00775072
TimeTraverseAccel: 0.0089513
NumNodes: 127
NumEdges: 126
kValue: 0.976092
Temperature: 1.01344
TimeAttractiveForces: 0.00116122
TimeDisperse: 0.00140064
TimeCopyBack: 9.024e-06

[1;33m@owl: bvh build mem: 127 items, 2.98Kb bounds, 9.25Kb temp, 10.16Kb initBVH, 0b finalBVH[0m
Iteration: 84
Elapsed: 0.00988342
TimeRepulsiveForce: 0.00988342
AvgTimeRepulsiveForce: 0.010346
TimeBuildAccel: 0.00723053
TimeTraverseAccel: 0.0086537
NumNodes: 127
NumEdges: 126
kValue: 0.976092
Temperature: 1.01242
TimeAttractiveForces: 0.00141296
TimeDisperse: 0.0011536
TimeCopyBack: 8.768e-06

[1;33m@owl: bvh build mem: 127 items, 2.98Kb bounds, 9.25Kb temp, 10.16Kb initBVH, 0b finalBVH[0m
Iteration: 85
Elapsed: 0.0098153
TimeRepulsiveForce: 0.0098153
AvgTimeRepulsiveForce: 0.0103398
TimeBuildAccel: 0.00744541
TimeTraverseAccel: 0.00866131
NumNodes: 127
NumEdges: 126
kValue: 0.976092
Temperature: 1.01141
TimeAttractiveForces: 0.00116912
TimeDisperse: 0.0011672
TimeCopyBack: 1.5264e-05

[1;33m@owl: bvh build mem: 127 items, 2.98Kb bounds, 9.25Kb temp, 10.16Kb initBVH, 0b finalBVH[0m
Iteration: 86
Elapsed: 0.00992736
TimeRepulsiveForce: 0.00992736
AvgTimeRepulsiveForce: 0.010335
TimeBuildAccel: 0.00738157
TimeTraverseAccel: 0.00877373
NumNodes: 127
NumEdges: 126
kValue: 0.976092
Temperature: 1.0104
TimeAttractiveForces: 0.00116122
TimeDisperse: 0.0011824
TimeCopyBack: 1.5232e-05

[1;33m@owl: bvh build mem: 127 items, 2.98Kb bounds, 9.25Kb temp, 10.16Kb initBVH, 0b finalBVH[0m
Iteration: 87
Elapsed: 0.00978042
TimeRepulsiveForce: 0.00978042
AvgTimeRepulsiveForce: 0.0103286
TimeBuildAccel: 0.00740477
TimeTraverseAccel: 0.00862458
NumNodes: 127
NumEdges: 126
kValue: 0.976092
Temperature: 1.00939
TimeAttractiveForces: 0.00116301
TimeDisperse: 0.00117539
TimeCopyBack: 9.856e-06

[1;33m@owl: bvh build mem: 127 items, 2.98Kb bounds, 9.25Kb temp, 10.16Kb initBVH, 0b finalBVH[0m
Iteration: 88
Elapsed: 0.00990173
TimeRepulsiveForce: 0.00990173
AvgTimeRepulsiveForce: 0.0103238
TimeBuildAccel: 0.00717862
TimeTraverseAccel: 0.00860355
NumNodes: 127
NumEdges: 126
kValue: 0.976092
Temperature: 1.00838
TimeAttractiveForces: 0.00117536
TimeDisperse: 0.00117395
TimeCopyBack: 1.3792e-05

[1;33m@owl: bvh build mem: 127 items, 2.98Kb bounds, 9.25Kb temp, 10.16Kb initBVH, 0b finalBVH[0m
Iteration: 89
Elapsed: 0.00993373
TimeRepulsiveForce: 0.00993373
AvgTimeRepulsiveForce: 0.0103194
TimeBuildAccel: 0.00738861
TimeTraverseAccel: 0.00860435
NumNodes: 127
NumEdges: 126
kValue: 0.976092
Temperature: 1.00738
TimeAttractiveForces: 0.0011711
TimeDisperse: 0.00117274
TimeCopyBack: 1.1712e-05

[1;33m@owl: bvh build mem: 127 items, 2.98Kb bounds, 9.25Kb temp, 10.16Kb initBVH, 0b finalBVH[0m
Iteration: 90
Elapsed: 0.0101096
TimeRepulsiveForce: 0.0101096
AvgTimeRepulsiveForce: 0.0103171
TimeBuildAccel: 0.0076009
TimeTraverseAccel: 0.00881322
NumNodes: 127
NumEdges: 126
kValue: 0.976092
Temperature: 1.00637
TimeAttractiveForces: 0.00116941
TimeDisperse: 0.00117248
TimeCopyBack: 1.2704e-05

[1;33m@owl: bvh build mem: 127 items, 2.98Kb bounds, 9.25Kb temp, 10.16Kb initBVH, 0b finalBVH[0m
Iteration: 91
Elapsed: 0.0097575
TimeRepulsiveForce: 0.0097575
AvgTimeRepulsiveForce: 0.0103109
TimeBuildAccel: 0.00739453
TimeTraverseAccel: 0.00860266
NumNodes: 127
NumEdges: 126
kValue: 0.976092
Temperature: 1.00537
TimeAttractiveForces: 0.0013848
TimeDisperse: 0.00117248
TimeCopyBack: 1.4624e-05

[1;33m@owl: bvh build mem: 127 items, 2.98Kb bounds, 9.25Kb temp, 10.16Kb initBVH, 0b finalBVH[0m
Iteration: 92
Elapsed: 0.0101123
TimeRepulsiveForce: 0.0101123
AvgTimeRepulsiveForce: 0.0103087
TimeBuildAccel: 0.00759421
TimeTraverseAccel: 0.0088201
NumNodes: 127
NumEdges: 126
kValue: 0.976092
Temperature: 1.00436
TimeAttractiveForces: 0.00117168
TimeDisperse: 0.00117734
TimeCopyBack: 1.0208e-05

[1;33m@owl: bvh build mem: 127 items, 2.98Kb bounds, 9.25Kb temp, 10.16Kb initBVH, 0b finalBVH[0m
Iteration: 93
Elapsed: 0.00993472
TimeRepulsiveForce: 0.00993472
AvgTimeRepulsiveForce: 0.0103047
TimeBuildAccel: 0.00738454
TimeTraverseAccel: 0.00860557
NumNodes: 127
NumEdges: 126
kValue: 0.976092
Temperature: 1.00336
TimeAttractiveForces: 0.00134909
TimeDisperse: 0.00117555
TimeCopyBack: 1.0144e-05

[1;33m@owl: bvh build mem: 127 items, 2.98Kb bounds, 9.25Kb temp, 10.16Kb initBVH, 0b finalBVH[0m
Iteration: 94
Elapsed: 0.010115
TimeRepulsiveForce: 0.010115
AvgTimeRepulsiveForce: 0.0103027
TimeBuildAccel: 0.00760266
TimeTraverseAccel: 0.00882051
NumNodes: 127
NumEdges: 126
kValue: 0.976092
Temperature: 1.00236
TimeAttractiveForces: 0.0011735
TimeDisperse: 0.0011753
TimeCopyBack: 9.984e-06

[1;33m@owl: bvh build mem: 127 items, 2.98Kb bounds, 9.25Kb temp, 10.16Kb initBVH, 0b finalBVH[0m
Iteration: 95
Elapsed: 0.00976118
TimeRepulsiveForce: 0.00976118
AvgTimeRepulsiveForce: 0.010297
TimeBuildAccel: 0.0073927
TimeTraverseAccel: 0.00860611
NumNodes: 127
NumEdges: 126
kValue: 0.976092
Temperature: 1.00135
TimeAttractiveForces: 0.00117952
TimeDisperse: 0.00117139
TimeCopyBack: 7.552e-06

[1;33m@owl: bvh build mem: 127 items, 2.98Kb bounds, 9.25Kb temp, 10.16Kb initBVH, 0b finalBVH[0m
Iteration: 96
Elapsed: 0.0101156
TimeRepulsiveForce: 0.0101156
AvgTimeRepulsiveForce: 0.0102951
TimeBuildAccel: 0.00760502
TimeTraverseAccel: 0.00882691
NumNodes: 127
NumEdges: 126
kValue: 0.976092
Temperature: 1.00035
TimeAttractiveForces: 0.00116938
TimeDisperse: 0.00117539
TimeCopyBack: 9.088e-06

[1;33m@owl: bvh build mem: 127 items, 2.98Kb bounds, 9.25Kb temp, 10.16Kb initBVH, 0b finalBVH[0m
Iteration: 97
Elapsed: 0.00954275
TimeRepulsiveForce: 0.00954275
AvgTimeRepulsiveForce: 0.0102874
TimeBuildAccel: 0.00718278
TimeTraverseAccel: 0.00839402
NumNodes: 127
NumEdges: 126
kValue: 0.976092
Temperature: 0.999354
TimeAttractiveForces: 0.00117555
TimeDisperse: 0.00117222
TimeCopyBack: 8.768e-06

[1;33m@owl: bvh build mem: 127 items, 2.98Kb bounds, 9.25Kb temp, 10.16Kb initBVH, 0b finalBVH[0m
Iteration: 98
Elapsed: 0.0098951
TimeRepulsiveForce: 0.0098951
AvgTimeRepulsiveForce: 0.0102834
TimeBuildAccel: 0.00738586
TimeTraverseAccel: 0.00859853
NumNodes: 127
NumEdges: 126
kValue: 0.976092
Temperature: 0.998356
TimeAttractiveForces: 0.00117075
TimeDisperse: 0.0011785
TimeCopyBack: 1.0688e-05

[1;33m@owl: bvh build mem: 127 items, 2.98Kb bounds, 9.25Kb temp, 10.16Kb initBVH, 0b finalBVH[0m
Iteration: 99
Elapsed: 0.00954118
TimeRepulsiveForce: 0.00954118
AvgTimeRepulsiveForce: 0.0102759
TimeBuildAccel: 0.00717178
TimeTraverseAccel: 0.00839168
NumNodes: 127
NumEdges: 126
kValue: 0.976092
Temperature: 0.997359
TimeAttractiveForces: 0.00116941
TimeDisperse: 0.00117344
TimeCopyBack: 1.4432e-05

[1;33m@owl: bvh build mem: 127 items, 2.98Kb bounds, 9.25Kb temp, 10.16Kb initBVH, 0b finalBVH[0m
Iteration: 100
Elapsed: 0.00989651
TimeRepulsiveForce: 0.00989651
AvgTimeRepulsiveForce: 0.0102721
TimeBuildAccel: 0.00738992
TimeTraverseAccel: 0.00860234
NumNodes: 127
NumEdges: 126
kValue: 0.976092
Temperature: 0.996362
TimeAttractiveForces: 0.00117536
TimeDisperse: 0.00116813
TimeCopyBack: 7.808e-06

[1;33m@owl: bvh build mem: 127 items, 2.98Kb bounds, 9.25Kb temp, 10.16Kb initBVH, 0b finalBVH[0m
Iteration: 101
Elapsed: 0.00972986
TimeRepulsiveForce: 0.00972986
AvgTimeRepulsiveForce: 0.0102667
TimeBuildAccel: 0.00718096
TimeTraverseAccel: 0.00840166
NumNodes: 127
NumEdges: 126
kValue: 0.976092
Temperature: 0.995367
TimeAttractiveForces: 0.0011776
TimeDisperse: 0.0011736
TimeCopyBack: 1.3856e-05

Total time for 100 iterations: 2.03735 sec.
