LayouterMode: RTX
[1;33m@owl: bvh build mem: 255 items, 5.98Kb bounds, 18.25Kb temp, 16.34Kb initBVH, 0b finalBVH[0m
Iteration: 1
Elapsed: 0.00875718
TimeRepulsiveForce: 0.00875718
AvgTimeRepulsiveForce: 0.00875718
TimeBuildAccel: 0.00330138
TimeTraverseAccel: 0.00742848
NumNodes: 255
NumEdges: 254
kValue: 0.939336
Temperature: 1.5
TimeAttractiveForces: 0.0013168
TimeDisperse: 0.00130253
TimeCopyBack: 1.5872e-05

[1;33m@owl: bvh build mem: 255 items, 5.98Kb bounds, 18.25Kb temp, 16.34Kb initBVH, 0b finalBVH[0m
Iteration: 2
Elapsed: 0.0104855
TimeRepulsiveForce: 0.0104855
AvgTimeRepulsiveForce: 0.00962133
TimeBuildAccel: 0.00776128
TimeTraverseAccel: 0.00913789
NumNodes: 255
NumEdges: 254
kValue: 0.939336
Temperature: 1.4985
TimeAttractiveForces: 0.00141357
TimeDisperse: 0.00142381
TimeCopyBack: 1.3376e-05

[1;33m@owl: bvh build mem: 255 items, 5.98Kb bounds, 18.25Kb temp, 16.34Kb initBVH, 0b finalBVH[0m
Iteration: 3
Elapsed: 0.0104609
TimeRepulsiveForce: 0.0104609
AvgTimeRepulsiveForce: 0.00990117
TimeBuildAccel: 0.00767856
TimeTraverseAccel: 0.00904458
NumNodes: 255
NumEdges: 254
kValue: 0.939336
Temperature: 1.497
TimeAttractiveForces: 0.00136973
TimeDisperse: 0.00134554
TimeCopyBack: 8.672e-06

[1;33m@owl: bvh build mem: 255 items, 5.98Kb bounds, 18.25Kb temp, 16.34Kb initBVH, 0b finalBVH[0m
Iteration: 4
Elapsed: 0.0104289
TimeRepulsiveForce: 0.0104289
AvgTimeRepulsiveForce: 0.0100331
TimeBuildAccel: 0.00775667
TimeTraverseAccel: 0.00915309
NumNodes: 255
NumEdges: 254
kValue: 0.939336
Temperature: 1.49551
TimeAttractiveForces: 0.00144099
TimeDisperse: 0.0014423
TimeCopyBack: 1.424e-05

[1;33m@owl: bvh build mem: 255 items, 5.98Kb bounds, 18.25Kb temp, 16.34Kb initBVH, 0b finalBVH[0m
Iteration: 5
Elapsed: 0.011345
TimeRepulsiveForce: 0.011345
AvgTimeRepulsiveForce: 0.0102955
TimeBuildAccel: 0.00861363
TimeTraverseAccel: 0.0101968
NumNodes: 255
NumEdges: 254
kValue: 0.939336
Temperature: 1.49401
TimeAttractiveForces: 0.00150266
TimeDisperse: 0.00115226
TimeCopyBack: 1.2e-05

[1;33m@owl: bvh build mem: 255 items, 5.98Kb bounds, 18.25Kb temp, 16.34Kb initBVH, 0b finalBVH[0m
Iteration: 6
Elapsed: 0.01041
TimeRepulsiveForce: 0.01041
AvgTimeRepulsiveForce: 0.0103146
TimeBuildAccel: 0.00788531
TimeTraverseAccel: 0.00921395
NumNodes: 255
NumEdges: 254
kValue: 0.939336
Temperature: 1.49252
TimeAttractiveForces: 0.00148698
TimeDisperse: 0.00133261
TimeCopyBack: 9.216e-06

[1;33m@owl: bvh build mem: 255 items, 5.98Kb bounds, 18.25Kb temp, 16.34Kb initBVH, 0b finalBVH[0m
Iteration: 7
Elapsed: 0.0107425
TimeRepulsiveForce: 0.0107425
AvgTimeRepulsiveForce: 0.0103757
TimeBuildAccel: 0.00809853
TimeTraverseAccel: 0.00956634
NumNodes: 255
NumEdges: 254
kValue: 0.939336
Temperature: 1.49103
TimeAttractiveForces: 0.0014416
TimeDisperse: 0.00144266
TimeCopyBack: 1.2736e-05

[1;33m@owl: bvh build mem: 255 items, 5.98Kb bounds, 18.25Kb temp, 16.34Kb initBVH, 0b finalBVH[0m
Iteration: 8
Elapsed: 0.0109637
TimeRepulsiveForce: 0.0109637
AvgTimeRepulsiveForce: 0.0104492
TimeBuildAccel: 0.00810742
TimeTraverseAccel: 0.00963018
NumNodes: 255
NumEdges: 254
kValue: 0.939336
Temperature: 1.48954
TimeAttractiveForces: 0.00148858
TimeDisperse: 0.00115712
TimeCopyBack: 8.384e-06

[1;33m@owl: bvh build mem: 255 items, 5.98Kb bounds, 18.25Kb temp, 16.34Kb initBVH, 0b finalBVH[0m
Iteration: 9
Elapsed: 0.0100277
TimeRepulsiveForce: 0.0100277
AvgTimeRepulsiveForce: 0.0104024
TimeBuildAccel: 0.00757024
TimeTraverseAccel: 0.00883594
NumNodes: 255
NumEdges: 254
kValue: 0.939336
Temperature: 1.48805
TimeAttractiveForces: 0.00144854
TimeDisperse: 0.00115299
TimeCopyBack: 1.2448e-05

[1;33m@owl: bvh build mem: 255 items, 5.98Kb bounds, 18.25Kb temp, 16.34Kb initBVH, 0b finalBVH[0m
Iteration: 10
Elapsed: 0.010814
TimeRepulsiveForce: 0.010814
AvgTimeRepulsiveForce: 0.0104435
TimeBuildAccel: 0.00806784
TimeTraverseAccel: 0.00954192
NumNodes: 255
NumEdges: 254
kValue: 0.939336
Temperature: 1.48657
TimeAttractiveForces: 0.0013449
TimeDisperse: 0.00133734
TimeCopyBack: 1.4208e-05

[1;33m@owl: bvh build mem: 255 items, 5.98Kb bounds, 18.25Kb temp, 16.34Kb initBVH, 0b finalBVH[0m
Iteration: 11
Elapsed: 0.0104957
TimeRepulsiveForce: 0.0104957
AvgTimeRepulsiveForce: 0.0104483
TimeBuildAccel: 0.00798454
TimeTraverseAccel: 0.0093385
NumNodes: 255
NumEdges: 254
kValue: 0.939336
Temperature: 1.48508
TimeAttractiveForces: 0.0013369
TimeDisperse: 0.0013271
TimeCopyBack: 7.808e-06

[1;33m@owl: bvh build mem: 255 items, 5.98Kb bounds, 18.25Kb temp, 16.34Kb initBVH, 0b finalBVH[0m
Iteration: 12
Elapsed: 0.0100822
TimeRepulsiveForce: 0.0100822
AvgTimeRepulsiveForce: 0.0104178
TimeBuildAccel: 0.00765162
TimeTraverseAccel: 0.00892042
NumNodes: 255
NumEdges: 254
kValue: 0.939336
Temperature: 1.4836
TimeAttractiveForces: 0.00137133
TimeDisperse: 0.00137197
TimeCopyBack: 1.4624e-05

[1;33m@owl: bvh build mem: 255 items, 5.98Kb bounds, 18.25Kb temp, 16.34Kb initBVH, 0b finalBVH[0m
Iteration: 13
Elapsed: 0.0108637
TimeRepulsiveForce: 0.0108637
AvgTimeRepulsiveForce: 0.0104521
TimeBuildAccel: 0.00801165
TimeTraverseAccel: 0.00957222
NumNodes: 255
NumEdges: 254
kValue: 0.939336
Temperature: 1.48212
TimeAttractiveForces: 0.00115104
TimeDisperse: 0.0011511
TimeCopyBack: 1.584e-05

[1;33m@owl: bvh build mem: 255 items, 5.98Kb bounds, 18.25Kb temp, 16.34Kb initBVH, 0b finalBVH[0m
Iteration: 14
Elapsed: 0.00989213
TimeRepulsiveForce: 0.00989213
AvgTimeRepulsiveForce: 0.0104121
TimeBuildAccel: 0.00746298
TimeTraverseAccel: 0.00872682
NumNodes: 255
NumEdges: 254
kValue: 0.939336
Temperature: 1.48064
TimeAttractiveForces: 0.00136995
TimeDisperse: 0.00137178
TimeCopyBack: 1.2448e-05

[1;33m@owl: bvh build mem: 255 items, 5.98Kb bounds, 18.25Kb temp, 16.34Kb initBVH, 0b finalBVH[0m
Iteration: 15
Elapsed: 0.0102901
TimeRepulsiveForce: 0.0102901
AvgTimeRepulsiveForce: 0.010404
TimeBuildAccel: 0.00771376
TimeTraverseAccel: 0.00903878
NumNodes: 255
NumEdges: 254
kValue: 0.939336
Temperature: 1.47916
TimeAttractiveForces: 0.00121926
TimeDisperse: 0.00133325
TimeCopyBack: 1.1648e-05

[1;33m@owl: bvh build mem: 255 items, 5.98Kb bounds, 18.25Kb temp, 16.34Kb initBVH, 0b finalBVH[0m
Iteration: 16
Elapsed: 0.0101417
TimeRepulsiveForce: 0.0101417
AvgTimeRepulsiveForce: 0.0103876
TimeBuildAccel: 0.00770528
TimeTraverseAccel: 0.00896816
NumNodes: 255
NumEdges: 254
kValue: 0.939336
Temperature: 1.47768
TimeAttractiveForces: 0.00137203
TimeDisperse: 0.00116109
TimeCopyBack: 1.2096e-05

[1;33m@owl: bvh build mem: 255 items, 5.98Kb bounds, 18.25Kb temp, 16.34Kb initBVH, 0b finalBVH[0m
Iteration: 17
Elapsed: 0.0101576
TimeRepulsiveForce: 0.0101576
AvgTimeRepulsiveForce: 0.010374
TimeBuildAccel: 0.00767997
TimeTraverseAccel: 0.00892291
NumNodes: 255
NumEdges: 254
kValue: 0.939336
Temperature: 1.4762
TimeAttractiveForces: 0.00115277
TimeDisperse: 0.00115334
TimeCopyBack: 1.5872e-05

[1;33m@owl: bvh build mem: 255 items, 5.98Kb bounds, 18.25Kb temp, 16.34Kb initBVH, 0b finalBVH[0m
Iteration: 18
Elapsed: 0.0100398
TimeRepulsiveForce: 0.0100398
AvgTimeRepulsiveForce: 0.0103555
TimeBuildAccel: 0.00761443
TimeTraverseAccel: 0.00887232
NumNodes: 255
NumEdges: 254
kValue: 0.939336
Temperature: 1.47473
TimeAttractiveForces: 0.00136979
TimeDisperse: 0.00115738
TimeCopyBack: 1.5168e-05

[1;33m@owl: bvh build mem: 255 items, 5.98Kb bounds, 18.25Kb temp, 16.34Kb initBVH, 0b finalBVH[0m
Iteration: 19
Elapsed: 0.010126
TimeRepulsiveForce: 0.010126
AvgTimeRepulsiveForce: 0.0103434
TimeBuildAccel: 0.00763395
TimeTraverseAccel: 0.00887363
NumNodes: 255
NumEdges: 254
kValue: 0.939336
Temperature: 1.47325
TimeAttractiveForces: 0.00115245
TimeDisperse: 0.00115117
TimeCopyBack: 1.4592e-05

[1;33m@owl: bvh build mem: 255 items, 5.98Kb bounds, 18.25Kb temp, 16.34Kb initBVH, 0b finalBVH[0m
Iteration: 20
Elapsed: 0.00990966
TimeRepulsiveForce: 0.00990966
AvgTimeRepulsiveForce: 0.0103217
TimeBuildAccel: 0.00743136
TimeTraverseAccel: 0.00868144
NumNodes: 255
NumEdges: 254
kValue: 0.939336
Temperature: 1.47178
TimeAttractiveForces: 0.00134144
TimeDisperse: 0.00115114
TimeCopyBack: 1.4176e-05

[1;33m@owl: bvh build mem: 255 items, 5.98Kb bounds, 18.25Kb temp, 16.34Kb initBVH, 0b finalBVH[0m
Iteration: 21
Elapsed: 0.00993398
TimeRepulsiveForce: 0.00993398
AvgTimeRepulsiveForce: 0.0103032
TimeBuildAccel: 0.00744803
TimeTraverseAccel: 0.00868509
NumNodes: 255
NumEdges: 254
kValue: 0.939336
Temperature: 1.47031
TimeAttractiveForces: 0.00115242
TimeDisperse: 0.00115242
TimeCopyBack: 7.84e-06

[1;33m@owl: bvh build mem: 255 items, 5.98Kb bounds, 18.25Kb temp, 16.34Kb initBVH, 0b finalBVH[0m
Iteration: 22
Elapsed: 0.0101501
TimeRepulsiveForce: 0.0101501
AvgTimeRepulsiveForce: 0.0102963
TimeBuildAccel: 0.00758403
TimeTraverseAccel: 0.00885734
NumNodes: 255
NumEdges: 254
kValue: 0.939336
Temperature: 1.46884
TimeAttractiveForces: 0.00138515
TimeDisperse: 0.0011849
TimeCopyBack: 1.5648e-05

[1;33m@owl: bvh build mem: 255 items, 5.98Kb bounds, 18.25Kb temp, 16.34Kb initBVH, 0b finalBVH[0m
Iteration: 23
Elapsed: 0.01022
TimeRepulsiveForce: 0.01022
AvgTimeRepulsiveForce: 0.010293
TimeBuildAccel: 0.00767434
TimeTraverseAccel: 0.00893414
NumNodes: 255
NumEdges: 254
kValue: 0.939336
Temperature: 1.46738
TimeAttractiveForces: 0.00116349
TimeDisperse: 0.00115872
TimeCopyBack: 1.5296e-05

[1;33m@owl: bvh build mem: 255 items, 5.98Kb bounds, 18.25Kb temp, 16.34Kb initBVH, 0b finalBVH[0m
Iteration: 24
Elapsed: 0.00998893
TimeRepulsiveForce: 0.00998893
AvgTimeRepulsiveForce: 0.0102803
TimeBuildAccel: 0.00756422
TimeTraverseAccel: 0.00879034
NumNodes: 255
NumEdges: 254
kValue: 0.939336
Temperature: 1.46591
TimeAttractiveForces: 0.00115776
TimeDisperse: 0.00115142
TimeCopyBack: 1.0176e-05

[1;33m@owl: bvh build mem: 255 items, 5.98Kb bounds, 18.25Kb temp, 16.34Kb initBVH, 0b finalBVH[0m
Iteration: 25
Elapsed: 0.010085
TimeRepulsiveForce: 0.010085
AvgTimeRepulsiveForce: 0.0102725
TimeBuildAccel: 0.00765808
TimeTraverseAccel: 0.00888163
NumNodes: 255
NumEdges: 254
kValue: 0.939336
Temperature: 1.46444
TimeAttractiveForces: 0.00138333
TimeDisperse: 0.00136784
TimeCopyBack: 1.5488e-05

[1;33m@owl: bvh build mem: 255 items, 5.98Kb bounds, 18.25Kb temp, 16.34Kb initBVH, 0b finalBVH[0m
Iteration: 26
Elapsed: 0.00999642
TimeRepulsiveForce: 0.00999642
AvgTimeRepulsiveForce: 0.0102619
TimeBuildAccel: 0.00749254
TimeTraverseAccel: 0.00872547
NumNodes: 255
NumEdges: 254
kValue: 0.939336
Temperature: 1.46298
TimeAttractiveForces: 0.00137152
TimeDisperse: 0.0013783
TimeCopyBack: 1.552e-05

[1;33m@owl: bvh build mem: 255 items, 5.98Kb bounds, 18.25Kb temp, 16.34Kb initBVH, 0b finalBVH[0m
Iteration: 27
Elapsed: 0.00992326
TimeRepulsiveForce: 0.00992326
AvgTimeRepulsiveForce: 0.0102493
TimeBuildAccel: 0.00744448
TimeTraverseAccel: 0.00867158
NumNodes: 255
NumEdges: 254
kValue: 0.939336
Temperature: 1.46152
TimeAttractiveForces: 0.00116042
TimeDisperse: 0.00133546
TimeCopyBack: 9.248e-06

[1;33m@owl: bvh build mem: 255 items, 5.98Kb bounds, 18.25Kb temp, 16.34Kb initBVH, 0b finalBVH[0m
Iteration: 28
Elapsed: 0.00981242
TimeRepulsiveForce: 0.00981242
AvgTimeRepulsiveForce: 0.0102337
TimeBuildAccel: 0.0072569
TimeTraverseAccel: 0.00848899
NumNodes: 255
NumEdges: 254
kValue: 0.939336
Temperature: 1.46006
TimeAttractiveForces: 0.00119622
TimeDisperse: 0.00119194
TimeCopyBack: 1.4496e-05

[1;33m@owl: bvh build mem: 255 items, 5.98Kb bounds, 18.25Kb temp, 16.34Kb initBVH, 0b finalBVH[0m
Iteration: 29
Elapsed: 0.0100448
TimeRepulsiveForce: 0.0100448
AvgTimeRepulsiveForce: 0.0102272
TimeBuildAccel: 0.00747725
TimeTraverseAccel: 0.00874083
NumNodes: 255
NumEdges: 254
kValue: 0.939336
Temperature: 1.4586
TimeAttractiveForces: 0.00119197
TimeDisperse: 0.00135469
TimeCopyBack: 1.6256e-05

[1;33m@owl: bvh build mem: 255 items, 5.98Kb bounds, 18.25Kb temp, 16.34Kb initBVH, 0b finalBVH[0m
Iteration: 30
Elapsed: 0.00989482
TimeRepulsiveForce: 0.00989482
AvgTimeRepulsiveForce: 0.0102161
TimeBuildAccel: 0.00741722
TimeTraverseAccel: 0.00864758
NumNodes: 255
NumEdges: 254
kValue: 0.939336
Temperature: 1.45714
TimeAttractiveForces: 0.00137216
TimeDisperse: 0.00137139
TimeCopyBack: 1.3728e-05

[1;33m@owl: bvh build mem: 255 items, 5.98Kb bounds, 18.25Kb temp, 16.34Kb initBVH, 0b finalBVH[0m
Iteration: 31
Elapsed: 0.0102657
TimeRepulsiveForce: 0.0102657
AvgTimeRepulsiveForce: 0.0102177
TimeBuildAccel: 0.00769754
TimeTraverseAccel: 0.0089591
NumNodes: 255
NumEdges: 254
kValue: 0.939336
Temperature: 1.45569
TimeAttractiveForces: 0.00120442
TimeDisperse: 0.00118579
TimeCopyBack: 1.5296e-05

[1;33m@owl: bvh build mem: 255 items, 5.98Kb bounds, 18.25Kb temp, 16.34Kb initBVH, 0b finalBVH[0m
Iteration: 32
Elapsed: 0.0101433
TimeRepulsiveForce: 0.0101433
AvgTimeRepulsiveForce: 0.0102154
TimeBuildAccel: 0.00764192
TimeTraverseAccel: 0.00886765
NumNodes: 255
NumEdges: 254
kValue: 0.939336
Temperature: 1.45423
TimeAttractiveForces: 0.00138032
TimeDisperse: 0.00137626
TimeCopyBack: 1.2064e-05

[1;33m@owl: bvh build mem: 255 items, 5.98Kb bounds, 18.25Kb temp, 16.34Kb initBVH, 0b finalBVH[0m
Iteration: 33
Elapsed: 0.0102483
TimeRepulsiveForce: 0.0102483
AvgTimeRepulsiveForce: 0.0102164
TimeBuildAccel: 0.00781824
TimeTraverseAccel: 0.00904278
NumNodes: 255
NumEdges: 254
kValue: 0.939336
Temperature: 1.45278
TimeAttractiveForces: 0.00128355
TimeDisperse: 0.00137216
TimeCopyBack: 1.2576e-05

[1;33m@owl: bvh build mem: 255 items, 5.98Kb bounds, 18.25Kb temp, 16.34Kb initBVH, 0b finalBVH[0m
Iteration: 34
Elapsed: 0.0102629
TimeRepulsiveForce: 0.0102629
AvgTimeRepulsiveForce: 0.0102178
TimeBuildAccel: 0.00758173
TimeTraverseAccel: 0.009032
NumNodes: 255
NumEdges: 254
kValue: 0.939336
Temperature: 1.45133
TimeAttractiveForces: 0.00138048
TimeDisperse: 0.00137216
TimeCopyBack: 9.632e-06

[1;33m@owl: bvh build mem: 255 items, 5.98Kb bounds, 18.25Kb temp, 16.34Kb initBVH, 0b finalBVH[0m
Iteration: 35
Elapsed: 0.0100873
TimeRepulsiveForce: 0.0100873
AvgTimeRepulsiveForce: 0.010214
TimeBuildAccel: 0.0076601
TimeTraverseAccel: 0.00888106
NumNodes: 255
NumEdges: 254
kValue: 0.939336
Temperature: 1.44988
TimeAttractiveForces: 0.00115635
TimeDisperse: 0.00115107
TimeCopyBack: 1.4048e-05

[1;33m@owl: bvh build mem: 255 items, 5.98Kb bounds, 18.25Kb temp, 16.34Kb initBVH, 0b finalBVH[0m
Iteration: 36
Elapsed: 0.00995645
TimeRepulsiveForce: 0.00995645
AvgTimeRepulsiveForce: 0.0102069
TimeBuildAccel: 0.0074681
TimeTraverseAccel: 0.00869488
NumNodes: 255
NumEdges: 254
kValue: 0.939336
Temperature: 1.44843
TimeAttractiveForces: 0.00115517
TimeDisperse: 0.00115357
TimeCopyBack: 1.2288e-05

[1;33m@owl: bvh build mem: 255 items, 5.98Kb bounds, 18.25Kb temp, 16.34Kb initBVH, 0b finalBVH[0m
Iteration: 37
Elapsed: 0.00974762
TimeRepulsiveForce: 0.00974762
AvgTimeRepulsiveForce: 0.0101945
TimeBuildAccel: 0.00724675
TimeTraverseAccel: 0.00847376
NumNodes: 255
NumEdges: 254
kValue: 0.939336
Temperature: 1.44698
TimeAttractiveForces: 0.00137357
TimeDisperse: 0.00127386
TimeCopyBack: 9.344e-06

[1;33m@owl: bvh build mem: 255 items, 5.98Kb bounds, 18.25Kb temp, 16.34Kb initBVH, 0b finalBVH[0m
Iteration: 38
Elapsed: 0.00994528
TimeRepulsiveForce: 0.00994528
AvgTimeRepulsiveForce: 0.0101879
TimeBuildAccel: 0.0074631
TimeTraverseAccel: 0.00868163
NumNodes: 255
NumEdges: 254
kValue: 0.939336
Temperature: 1.44554
TimeAttractiveForces: 0.00115539
TimeDisperse: 0.00133325
TimeCopyBack: 1.5648e-05

[1;33m@owl: bvh build mem: 255 items, 5.98Kb bounds, 18.25Kb temp, 16.34Kb initBVH, 0b finalBVH[0m
Iteration: 39
Elapsed: 0.00979578
TimeRepulsiveForce: 0.00979578
AvgTimeRepulsiveForce: 0.0101779
TimeBuildAccel: 0.00725802
TimeTraverseAccel: 0.00847686
NumNodes: 255
NumEdges: 254
kValue: 0.939336
Temperature: 1.44409
TimeAttractiveForces: 0.00118118
TimeDisperse: 0.00119024
TimeCopyBack: 8.032e-06

[1;33m@owl: bvh build mem: 255 items, 5.98Kb bounds, 18.25Kb temp, 16.34Kb initBVH, 0b finalBVH[0m
Iteration: 40
Elapsed: 0.0100346
TimeRepulsiveForce: 0.0100346
AvgTimeRepulsiveForce: 0.0101743
TimeBuildAccel: 0.00746938
TimeTraverseAccel: 0.0087399
NumNodes: 255
NumEdges: 254
kValue: 0.939336
Temperature: 1.44265
TimeAttractiveForces: 0.00117955
TimeDisperse: 0.0013824
TimeCopyBack: 1.5776e-05

[1;33m@owl: bvh build mem: 255 items, 5.98Kb bounds, 18.25Kb temp, 16.34Kb initBVH, 0b finalBVH[0m
Iteration: 41
Elapsed: 0.0100406
TimeRepulsiveForce: 0.0100406
AvgTimeRepulsiveForce: 0.010171
TimeBuildAccel: 0.00740787
TimeTraverseAccel: 0.00881395
NumNodes: 255
NumEdges: 254
kValue: 0.939336
Temperature: 1.44121
TimeAttractiveForces: 0.0013729
TimeDisperse: 0.00137626
TimeCopyBack: 1.4368e-05

[1;33m@owl: bvh build mem: 255 items, 5.98Kb bounds, 18.25Kb temp, 16.34Kb initBVH, 0b finalBVH[0m
Iteration: 42
Elapsed: 0.0101312
TimeRepulsiveForce: 0.0101312
AvgTimeRepulsiveForce: 0.0101701
TimeBuildAccel: 0.00765312
TimeTraverseAccel: 0.00895955
NumNodes: 255
NumEdges: 254
kValue: 0.939336
Temperature: 1.43977
TimeAttractiveForces: 0.00122486
TimeDisperse: 0.00122013
TimeCopyBack: 7.84e-06

[1;33m@owl: bvh build mem: 255 items, 5.98Kb bounds, 18.25Kb temp, 16.34Kb initBVH, 0b finalBVH[0m
Iteration: 43
Elapsed: 0.0101438
TimeRepulsiveForce: 0.0101438
AvgTimeRepulsiveForce: 0.0101695
TimeBuildAccel: 0.0076935
TimeTraverseAccel: 0.00897165
NumNodes: 255
NumEdges: 254
kValue: 0.939336
Temperature: 1.43833
TimeAttractiveForces: 0.00121046
TimeDisperse: 0.0013009
TimeCopyBack: 1.216e-05

[1;33m@owl: bvh build mem: 255 items, 5.98Kb bounds, 18.25Kb temp, 16.34Kb initBVH, 0b finalBVH[0m
Iteration: 44
Elapsed: 0.0105505
TimeRepulsiveForce: 0.0105505
AvgTimeRepulsiveForce: 0.0101781
TimeBuildAccel: 0.00794413
TimeTraverseAccel: 0.00931626
NumNodes: 255
NumEdges: 254
kValue: 0.939336
Temperature: 1.4369
TimeAttractiveForces: 0.00131072
TimeDisperse: 0.00130253
TimeCopyBack: 1.4624e-05

[1;33m@owl: bvh build mem: 255 items, 5.98Kb bounds, 18.25Kb temp, 16.34Kb initBVH, 0b finalBVH[0m
Iteration: 45
Elapsed: 0.0104982
TimeRepulsiveForce: 0.0104982
AvgTimeRepulsiveForce: 0.0101852
TimeBuildAccel: 0.00789114
TimeTraverseAccel: 0.0092727
NumNodes: 255
NumEdges: 254
kValue: 0.939336
Temperature: 1.43546
TimeAttractiveForces: 0.00130253
TimeDisperse: 0.001308
TimeCopyBack: 1.4528e-05

[1;33m@owl: bvh build mem: 255 items, 5.98Kb bounds, 18.25Kb temp, 16.34Kb initBVH, 0b finalBVH[0m
Iteration: 46
Elapsed: 0.0104243
TimeRepulsiveForce: 0.0104243
AvgTimeRepulsiveForce: 0.0101904
TimeBuildAccel: 0.0078247
TimeTraverseAccel: 0.00919334
NumNodes: 255
NumEdges: 254
kValue: 0.939336
Temperature: 1.43403
TimeAttractiveForces: 0.00130192
TimeDisperse: 0.00131082
TimeCopyBack: 9.088e-06

[1;33m@owl: bvh build mem: 255 items, 5.98Kb bounds, 18.25Kb temp, 16.34Kb initBVH, 0b finalBVH[0m
Iteration: 47
Elapsed: 0.0102233
TimeRepulsiveForce: 0.0102233
AvgTimeRepulsiveForce: 0.0101911
TimeBuildAccel: 0.00774941
TimeTraverseAccel: 0.00898272
NumNodes: 255
NumEdges: 254
kValue: 0.939336
Temperature: 1.43259
TimeAttractiveForces: 0.00128176
TimeDisperse: 0.0012759
TimeCopyBack: 9.216e-06

[1;33m@owl: bvh build mem: 255 items, 5.98Kb bounds, 18.25Kb temp, 16.34Kb initBVH, 0b finalBVH[0m
Iteration: 48
Elapsed: 0.0101424
TimeRepulsiveForce: 0.0101424
AvgTimeRepulsiveForce: 0.0101901
TimeBuildAccel: 0.00769702
TimeTraverseAccel: 0.00895062
NumNodes: 255
NumEdges: 254
kValue: 0.939336
Temperature: 1.43116
TimeAttractiveForces: 0.00127808
TimeDisperse: 0.00124906
TimeCopyBack: 1.408e-05

[1;33m@owl: bvh build mem: 255 items, 5.98Kb bounds, 18.25Kb temp, 16.34Kb initBVH, 0b finalBVH[0m
Iteration: 49
Elapsed: 0.0108439
TimeRepulsiveForce: 0.0108439
AvgTimeRepulsiveForce: 0.0102035
TimeBuildAccel: 0.00813478
TimeTraverseAccel: 0.00955392
NumNodes: 255
NumEdges: 254
kValue: 0.939336
Temperature: 1.42973
TimeAttractiveForces: 0.0012951
TimeDisperse: 0.00129853
TimeCopyBack: 7.328e-06

[1;33m@owl: bvh build mem: 255 items, 5.98Kb bounds, 18.25Kb temp, 16.34Kb initBVH, 0b finalBVH[0m
Iteration: 50
Elapsed: 0.01021
TimeRepulsiveForce: 0.01021
AvgTimeRepulsiveForce: 0.0102036
TimeBuildAccel: 0.00779197
TimeTraverseAccel: 0.00904736
NumNodes: 255
NumEdges: 254
kValue: 0.939336
Temperature: 1.4283
TimeAttractiveForces: 0.00135373
TimeDisperse: 0.00141786
TimeCopyBack: 1.4528e-05

[1;33m@owl: bvh build mem: 255 items, 5.98Kb bounds, 18.25Kb temp, 16.34Kb initBVH, 0b finalBVH[0m
Iteration: 51
Elapsed: 0.0108963
TimeRepulsiveForce: 0.0108963
AvgTimeRepulsiveForce: 0.0102172
TimeBuildAccel: 0.00814989
TimeTraverseAccel: 0.00947082
NumNodes: 255
NumEdges: 254
kValue: 0.939336
Temperature: 1.42688
TimeAttractiveForces: 0.00126768
TimeDisperse: 0.0012831
TimeCopyBack: 7.68e-06

[1;33m@owl: bvh build mem: 255 items, 5.98Kb bounds, 18.25Kb temp, 16.34Kb initBVH, 0b finalBVH[0m
Iteration: 52
Elapsed: 0.0105925
TimeRepulsiveForce: 0.0105925
AvgTimeRepulsiveForce: 0.0102244
TimeBuildAccel: 0.00802432
TimeTraverseAccel: 0.00944512
NumNodes: 255
NumEdges: 254
kValue: 0.939336
Temperature: 1.42545
TimeAttractiveForces: 0.00135782
TimeDisperse: 0.00119299
TimeCopyBack: 1.5168e-05

[1;33m@owl: bvh build mem: 255 items, 5.98Kb bounds, 18.25Kb temp, 16.34Kb initBVH, 0b finalBVH[0m
Iteration: 53
Elapsed: 0.0108801
TimeRepulsiveForce: 0.0108801
AvgTimeRepulsiveForce: 0.0102368
TimeBuildAccel: 0.00815827
TimeTraverseAccel: 0.00957139
NumNodes: 255
NumEdges: 254
kValue: 0.939336
Temperature: 1.42403
TimeAttractiveForces: 0.00135578
TimeDisperse: 0.00125648
TimeCopyBack: 1.2544e-05

[1;33m@owl: bvh build mem: 255 items, 5.98Kb bounds, 18.25Kb temp, 16.34Kb initBVH, 0b finalBVH[0m
Iteration: 54
Elapsed: 0.010501
TimeRepulsiveForce: 0.010501
AvgTimeRepulsiveForce: 0.0102416
TimeBuildAccel: 0.0076671
TimeTraverseAccel: 0.00924304
NumNodes: 255
NumEdges: 254
kValue: 0.939336
Temperature: 1.4226
TimeAttractiveForces: 0.0014911
TimeDisperse: 0.00151462
TimeCopyBack: 1.4336e-05

[1;33m@owl: bvh build mem: 255 items, 5.98Kb bounds, 18.25Kb temp, 16.34Kb initBVH, 0b finalBVH[0m
Iteration: 55
Elapsed: 0.0113886
TimeRepulsiveForce: 0.0113886
AvgTimeRepulsiveForce: 0.0102625
TimeBuildAccel: 0.00856173
TimeTraverseAccel: 0.010082
NumNodes: 255
NumEdges: 254
kValue: 0.939336
Temperature: 1.42118
TimeAttractiveForces: 0.00146624
TimeDisperse: 0.00146266
TimeCopyBack: 1.3184e-05

[1;33m@owl: bvh build mem: 255 items, 5.98Kb bounds, 18.25Kb temp, 16.34Kb initBVH, 0b finalBVH[0m
Iteration: 56
Elapsed: 0.0107801
TimeRepulsiveForce: 0.0107801
AvgTimeRepulsiveForce: 0.0102717
TimeBuildAccel: 0.00832051
TimeTraverseAccel: 0.00961168
NumNodes: 255
NumEdges: 254
kValue: 0.939336
Temperature: 1.41976
TimeAttractiveForces: 0.0014769
TimeDisperse: 0.0012313
TimeCopyBack: 7.424e-06

[1;33m@owl: bvh build mem: 255 items, 5.98Kb bounds, 18.25Kb temp, 16.34Kb initBVH, 0b finalBVH[0m
Iteration: 57
Elapsed: 0.0104213
TimeRepulsiveForce: 0.0104213
AvgTimeRepulsiveForce: 0.0102744
TimeBuildAccel: 0.00778768
TimeTraverseAccel: 0.00907168
NumNodes: 255
NumEdges: 254
kValue: 0.939336
Temperature: 1.41835
TimeAttractiveForces: 0.00124109
TimeDisperse: 0.00125408
TimeCopyBack: 1.2096e-05

[1;33m@owl: bvh build mem: 255 items, 5.98Kb bounds, 18.25Kb temp, 16.34Kb initBVH, 0b finalBVH[0m
Iteration: 58
Elapsed: 0.0102359
TimeRepulsiveForce: 0.0102359
AvgTimeRepulsiveForce: 0.0102737
TimeBuildAccel: 0.00777635
TimeTraverseAccel: 0.00908096
NumNodes: 255
NumEdges: 254
kValue: 0.939336
Temperature: 1.41693
TimeAttractiveForces: 0.00124138
TimeDisperse: 0.00123126
TimeCopyBack: 1.0272e-05

[1;33m@owl: bvh build mem: 255 items, 5.98Kb bounds, 18.25Kb temp, 16.34Kb initBVH, 0b finalBVH[0m
Iteration: 59
Elapsed: 0.0104193
TimeRepulsiveForce: 0.0104193
AvgTimeRepulsiveForce: 0.0102762
TimeBuildAccel: 0.00777952
TimeTraverseAccel: 0.00907594
NumNodes: 255
NumEdges: 254
kValue: 0.939336
Temperature: 1.41551
TimeAttractiveForces: 0.00124291
TimeDisperse: 0.00148544
TimeCopyBack: 1.04e-05

[1;33m@owl: bvh build mem: 255 items, 5.98Kb bounds, 18.25Kb temp, 16.34Kb initBVH, 0b finalBVH[0m
Iteration: 60
Elapsed: 0.0104103
TimeRepulsiveForce: 0.0104103
AvgTimeRepulsiveForce: 0.0102784
TimeBuildAccel: 0.00753789
TimeTraverseAccel: 0.00907366
NumNodes: 255
NumEdges: 254
kValue: 0.939336
Temperature: 1.4141
TimeAttractiveForces: 0.00123962
TimeDisperse: 0.0012329
TimeCopyBack: 1.28e-05

[1;33m@owl: bvh build mem: 255 items, 5.98Kb bounds, 18.25Kb temp, 16.34Kb initBVH, 0b finalBVH[0m
Iteration: 61
Elapsed: 0.0102323
TimeRepulsiveForce: 0.0102323
AvgTimeRepulsiveForce: 0.0102777
TimeBuildAccel: 0.00777514
TimeTraverseAccel: 0.0090672
NumNodes: 255
NumEdges: 254
kValue: 0.939336
Temperature: 1.41269
TimeAttractiveForces: 0.00148554
TimeDisperse: 0.00123699
TimeCopyBack: 7.648e-06

[1;33m@owl: bvh build mem: 255 items, 5.98Kb bounds, 18.25Kb temp, 16.34Kb initBVH, 0b finalBVH[0m
Iteration: 62
Elapsed: 0.0104077
TimeRepulsiveForce: 0.0104077
AvgTimeRepulsiveForce: 0.0102798
TimeBuildAccel: 0.00777629
TimeTraverseAccel: 0.00906656
NumNodes: 255
NumEdges: 254
kValue: 0.939336
Temperature: 1.41127
TimeAttractiveForces: 0.00123875
TimeDisperse: 0.0012129
TimeCopyBack: 8.672e-06

[1;33m@owl: bvh build mem: 255 items, 5.98Kb bounds, 18.25Kb temp, 16.34Kb initBVH, 0b finalBVH[0m
Iteration: 63
Elapsed: 0.0100613
TimeRepulsiveForce: 0.0100613
AvgTimeRepulsiveForce: 0.0102763
TimeBuildAccel: 0.00764442
TimeTraverseAccel: 0.00891078
NumNodes: 255
NumEdges: 254
kValue: 0.939336
Temperature: 1.40986
TimeAttractiveForces: 0.00124781
TimeDisperse: 0.00123133
TimeCopyBack: 1.5296e-05

[1;33m@owl: bvh build mem: 255 items, 5.98Kb bounds, 18.25Kb temp, 16.34Kb initBVH, 0b finalBVH[0m
Iteration: 64
Elapsed: 0.0104847
TimeRepulsiveForce: 0.0104847
AvgTimeRepulsiveForce: 0.0102795
TimeBuildAccel: 0.00769126
TimeTraverseAccel: 0.00918426
NumNodes: 255
NumEdges: 254
kValue: 0.939336
Temperature: 1.40846
TimeAttractiveForces: 0.00143405
TimeDisperse: 0.00149914
TimeCopyBack: 1.2352e-05

[1;33m@owl: bvh build mem: 255 items, 5.98Kb bounds, 18.25Kb temp, 16.34Kb initBVH, 0b finalBVH[0m
Iteration: 65
Elapsed: 0.0101796
TimeRepulsiveForce: 0.0101796
AvgTimeRepulsiveForce: 0.010278
TimeBuildAccel: 0.00752928
TimeTraverseAccel: 0.00901632
NumNodes: 255
NumEdges: 254
kValue: 0.939336
Temperature: 1.40705
TimeAttractiveForces: 0.00118768
TimeDisperse: 0.00117853
TimeCopyBack: 1.4656e-05

[1;33m@owl: bvh build mem: 255 items, 5.98Kb bounds, 18.25Kb temp, 16.34Kb initBVH, 0b finalBVH[0m
Iteration: 66
Elapsed: 0.0104835
TimeRepulsiveForce: 0.0104835
AvgTimeRepulsiveForce: 0.0102811
TimeBuildAccel: 0.00784566
TimeTraverseAccel: 0.0092793
NumNodes: 255
NumEdges: 254
kValue: 0.939336
Temperature: 1.40564
TimeAttractiveForces: 0.00128509
TimeDisperse: 0.00118579
TimeCopyBack: 1.136e-05

[1;33m@owl: bvh build mem: 255 items, 5.98Kb bounds, 18.25Kb temp, 16.34Kb initBVH, 0b finalBVH[0m
Iteration: 67
Elapsed: 0.0102285
TimeRepulsiveForce: 0.0102285
AvgTimeRepulsiveForce: 0.0102803
TimeBuildAccel: 0.007536
TimeTraverseAccel: 0.00886131
NumNodes: 255
NumEdges: 254
kValue: 0.939336
Temperature: 1.40424
TimeAttractiveForces: 0.00145952
TimeDisperse: 0.00144819
TimeCopyBack: 1.1968e-05

[1;33m@owl: bvh build mem: 255 items, 5.98Kb bounds, 18.25Kb temp, 16.34Kb initBVH, 0b finalBVH[0m
Iteration: 68
Elapsed: 0.0107554
TimeRepulsiveForce: 0.0107554
AvgTimeRepulsiveForce: 0.0102873
TimeBuildAccel: 0.00793955
TimeTraverseAccel: 0.00945712
NumNodes: 255
NumEdges: 254
kValue: 0.939336
Temperature: 1.40284
TimeAttractiveForces: 0.00126362
TimeDisperse: 0.00125325
TimeCopyBack: 1.1136e-05

[1;33m@owl: bvh build mem: 255 items, 5.98Kb bounds, 18.25Kb temp, 16.34Kb initBVH, 0b finalBVH[0m
Iteration: 69
Elapsed: 0.0106482
TimeRepulsiveForce: 0.0106482
AvgTimeRepulsiveForce: 0.0102925
TimeBuildAccel: 0.0080671
TimeTraverseAccel: 0.00948518
NumNodes: 255
NumEdges: 254
kValue: 0.939336
Temperature: 1.40143
TimeAttractiveForces: 0.00137853
TimeDisperse: 0.00131693
TimeCopyBack: 1.5264e-05

[1;33m@owl: bvh build mem: 255 items, 5.98Kb bounds, 18.25Kb temp, 16.34Kb initBVH, 0b finalBVH[0m
Iteration: 70
Elapsed: 0.0104909
TimeRepulsiveForce: 0.0104909
AvgTimeRepulsiveForce: 0.0102954
TimeBuildAccel: 0.00795318
TimeTraverseAccel: 0.00934131
NumNodes: 255
NumEdges: 254
kValue: 0.939336
Temperature: 1.40003
TimeAttractiveForces: 0.00132301
TimeDisperse: 0.00137789
TimeCopyBack: 1.2768e-05

[1;33m@owl: bvh build mem: 255 items, 5.98Kb bounds, 18.25Kb temp, 16.34Kb initBVH, 0b finalBVH[0m
Iteration: 71
Elapsed: 0.0110265
TimeRepulsiveForce: 0.0110265
AvgTimeRepulsiveForce: 0.0103057
TimeBuildAccel: 0.00813264
TimeTraverseAccel: 0.00957139
NumNodes: 255
NumEdges: 254
kValue: 0.939336
Temperature: 1.39864
TimeAttractiveForces: 0.00132762
TimeDisperse: 0.00138058
TimeCopyBack: 1.4464e-05

[1;33m@owl: bvh build mem: 255 items, 5.98Kb bounds, 18.25Kb temp, 16.34Kb initBVH, 0b finalBVH[0m
Iteration: 72
Elapsed: 0.0108408
TimeRepulsiveForce: 0.0108408
AvgTimeRepulsiveForce: 0.0103131
TimeBuildAccel: 0.00824208
TimeTraverseAccel: 0.0096833
NumNodes: 255
NumEdges: 254
kValue: 0.939336
Temperature: 1.39724
TimeAttractiveForces: 0.00137949
TimeDisperse: 0.00128429
TimeCopyBack: 1.3056e-05

[1;33m@owl: bvh build mem: 255 items, 5.98Kb bounds, 18.25Kb temp, 16.34Kb initBVH, 0b finalBVH[0m
Iteration: 73
Elapsed: 0.0103939
TimeRepulsiveForce: 0.0103939
AvgTimeRepulsiveForce: 0.0103142
TimeBuildAccel: 0.00793517
TimeTraverseAccel: 0.00924534
NumNodes: 255
NumEdges: 254
kValue: 0.939336
Temperature: 1.39584
TimeAttractiveForces: 0.00134195
TimeDisperse: 0.001388
TimeCopyBack: 1.4112e-05

[1;33m@owl: bvh build mem: 255 items, 5.98Kb bounds, 18.25Kb temp, 16.34Kb initBVH, 0b finalBVH[0m
Iteration: 74
Elapsed: 0.0106919
TimeRepulsiveForce: 0.0106919
AvgTimeRepulsiveForce: 0.0103193
TimeBuildAccel: 0.00803638
TimeTraverseAccel: 0.00950038
NumNodes: 255
NumEdges: 254
kValue: 0.939336
Temperature: 1.39445
TimeAttractiveForces: 0.00140906
TimeDisperse: 0.00134422
TimeCopyBack: 9.6e-06

[1;33m@owl: bvh build mem: 255 items, 5.98Kb bounds, 18.25Kb temp, 16.34Kb initBVH, 0b finalBVH[0m
Iteration: 75
Elapsed: 0.0106311
TimeRepulsiveForce: 0.0106311
AvgTimeRepulsiveForce: 0.0103235
TimeBuildAccel: 0.00802282
TimeTraverseAccel: 0.009456
NumNodes: 255
NumEdges: 254
kValue: 0.939336
Temperature: 1.39305
TimeAttractiveForces: 0.00135946
TimeDisperse: 0.00143565
TimeCopyBack: 1.4912e-05

[1;33m@owl: bvh build mem: 255 items, 5.98Kb bounds, 18.25Kb temp, 16.34Kb initBVH, 0b finalBVH[0m
Iteration: 76
Elapsed: 0.0109029
TimeRepulsiveForce: 0.0109029
AvgTimeRepulsiveForce: 0.0103311
TimeBuildAccel: 0.00821971
TimeTraverseAccel: 0.00970691
NumNodes: 255
NumEdges: 254
kValue: 0.939336
Temperature: 1.39166
TimeAttractiveForces: 0.00141107
TimeDisperse: 0.00134349
TimeCopyBack: 9.92e-06

[1;33m@owl: bvh build mem: 255 items, 5.98Kb bounds, 18.25Kb temp, 16.34Kb initBVH, 0b finalBVH[0m
Iteration: 77
Elapsed: 0.0106195
TimeRepulsiveForce: 0.0106195
AvgTimeRepulsiveForce: 0.0103348
TimeBuildAccel: 0.00802298
TimeTraverseAccel: 0.00943779
NumNodes: 255
NumEdges: 254
kValue: 0.939336
Temperature: 1.39027
TimeAttractiveForces: 0.00126614
TimeDisperse: 0.00141312
TimeCopyBack: 9.824e-06

[1;33m@owl: bvh build mem: 255 items, 5.98Kb bounds, 18.25Kb temp, 16.34Kb initBVH, 0b finalBVH[0m
Iteration: 78
Elapsed: 0.0110883
TimeRepulsiveForce: 0.0110883
AvgTimeRepulsiveForce: 0.0103445
TimeBuildAccel: 0.00832704
TimeTraverseAccel: 0.00979603
NumNodes: 255
NumEdges: 254
kValue: 0.939336
Temperature: 1.38888
TimeAttractiveForces: 0.00141107
TimeDisperse: 0.0012575
TimeCopyBack: 8.864e-06

[1;33m@owl: bvh build mem: 255 items, 5.98Kb bounds, 18.25Kb temp, 16.34Kb initBVH, 0b finalBVH[0m
Iteration: 79
Elapsed: 0.0106503
TimeRepulsiveForce: 0.0106503
AvgTimeRepulsiveForce: 0.0103484
TimeBuildAccel: 0.00813798
TimeTraverseAccel: 0.00946294
NumNodes: 255
NumEdges: 254
kValue: 0.939336
Temperature: 1.3875
TimeAttractiveForces: 0.00135149
TimeDisperse: 0.00140506
TimeCopyBack: 8.032e-06

[1;33m@owl: bvh build mem: 255 items, 5.98Kb bounds, 18.25Kb temp, 16.34Kb initBVH, 0b finalBVH[0m
Iteration: 80
Elapsed: 0.0112033
TimeRepulsiveForce: 0.0112033
AvgTimeRepulsiveForce: 0.0103591
TimeBuildAccel: 0.00844538
TimeTraverseAccel: 0.0099096
NumNodes: 255
NumEdges: 254
kValue: 0.939336
Temperature: 1.38611
TimeAttractiveForces: 0.00140822
TimeDisperse: 0.00133763
TimeCopyBack: 1.136e-05

[1;33m@owl: bvh build mem: 255 items, 5.98Kb bounds, 18.25Kb temp, 16.34Kb initBVH, 0b finalBVH[0m
Iteration: 81
Elapsed: 0.0106136
TimeRepulsiveForce: 0.0106136
AvgTimeRepulsiveForce: 0.0103622
TimeBuildAccel: 0.00801306
TimeTraverseAccel: 0.00942342
NumNodes: 255
NumEdges: 254
kValue: 0.939336
Temperature: 1.38473
TimeAttractiveForces: 0.00135664
TimeDisperse: 0.00143584
TimeCopyBack: 1.3216e-05

[1;33m@owl: bvh build mem: 255 items, 5.98Kb bounds, 18.25Kb temp, 16.34Kb initBVH, 0b finalBVH[0m
Iteration: 82
Elapsed: 0.0110862
TimeRepulsiveForce: 0.0110862
AvgTimeRepulsiveForce: 0.010371
TimeBuildAccel: 0.00833485
TimeTraverseAccel: 0.00979805
NumNodes: 255
NumEdges: 254
kValue: 0.939336
Temperature: 1.38334
TimeAttractiveForces: 0.00140739
TimeDisperse: 0.00134224
TimeCopyBack: 7.776e-06

[1;33m@owl: bvh build mem: 255 items, 5.98Kb bounds, 18.25Kb temp, 16.34Kb initBVH, 0b finalBVH[0m
Iteration: 83
Elapsed: 0.0106195
TimeRepulsiveForce: 0.0106195
AvgTimeRepulsiveForce: 0.010374
TimeBuildAccel: 0.00802326
TimeTraverseAccel: 0.00943027
NumNodes: 255
NumEdges: 254
kValue: 0.939336
Temperature: 1.38196
TimeAttractiveForces: 0.0013569
TimeDisperse: 0.00140275
TimeCopyBack: 1.2672e-05

[1;33m@owl: bvh build mem: 255 items, 5.98Kb bounds, 18.25Kb temp, 16.34Kb initBVH, 0b finalBVH[0m
Iteration: 84
Elapsed: 0.0110673
TimeRepulsiveForce: 0.0110673
AvgTimeRepulsiveForce: 0.0103823
TimeBuildAccel: 0.00831066
TimeTraverseAccel: 0.00977498
NumNodes: 255
NumEdges: 254
kValue: 0.939336
Temperature: 1.38058
TimeAttractiveForces: 0.0014049
TimeDisperse: 0.00134899
TimeCopyBack: 8.992e-06

[1;33m@owl: bvh build mem: 255 items, 5.98Kb bounds, 18.25Kb temp, 16.34Kb initBVH, 0b finalBVH[0m
Iteration: 85
Elapsed: 0.0107464
TimeRepulsiveForce: 0.0107464
AvgTimeRepulsiveForce: 0.0103866
TimeBuildAccel: 0.00814576
TimeTraverseAccel: 0.00954938
NumNodes: 255
NumEdges: 254
kValue: 0.939336
Temperature: 1.3792
TimeAttractiveForces: 0.00135578
TimeDisperse: 0.00140374
TimeCopyBack: 7.744e-06

[1;33m@owl: bvh build mem: 255 items, 5.98Kb bounds, 18.25Kb temp, 16.34Kb initBVH, 0b finalBVH[0m
Iteration: 86
Elapsed: 0.0110113
TimeRepulsiveForce: 0.0110113
AvgTimeRepulsiveForce: 0.0103938
TimeBuildAccel: 0.00827498
TimeTraverseAccel: 0.00972102
NumNodes: 255
NumEdges: 254
kValue: 0.939336
Temperature: 1.37782
TimeAttractiveForces: 0.00139418
TimeDisperse: 0.0013352
TimeCopyBack: 9.056e-06

[1;33m@owl: bvh build mem: 255 items, 5.98Kb bounds, 18.25Kb temp, 16.34Kb initBVH, 0b finalBVH[0m
Iteration: 87
Elapsed: 0.0111746
TimeRepulsiveForce: 0.0111746
AvgTimeRepulsiveForce: 0.0104028
TimeBuildAccel: 0.0083937
TimeTraverseAccel: 0.00979434
NumNodes: 255
NumEdges: 254
kValue: 0.939336
Temperature: 1.37645
TimeAttractiveForces: 0.00134637
TimeDisperse: 0.00135616
TimeCopyBack: 1.52e-05

[1;33m@owl: bvh build mem: 255 items, 5.98Kb bounds, 18.25Kb temp, 16.34Kb initBVH, 0b finalBVH[0m
Iteration: 88
Elapsed: 0.0111236
TimeRepulsiveForce: 0.0111236
AvgTimeRepulsiveForce: 0.010411
TimeBuildAccel: 0.00851866
TimeTraverseAccel: 0.00992966
NumNodes: 255
NumEdges: 254
kValue: 0.939336
Temperature: 1.37507
TimeAttractiveForces: 0.00135149
TimeDisperse: 0.0014095
TimeCopyBack: 1.5008e-05

[1;33m@owl: bvh build mem: 255 items, 5.98Kb bounds, 18.25Kb temp, 16.34Kb initBVH, 0b finalBVH[0m
Iteration: 89
Elapsed: 0.0107671
TimeRepulsiveForce: 0.0107671
AvgTimeRepulsiveForce: 0.010415
TimeBuildAccel: 0.00808429
TimeTraverseAccel: 0.00947904
NumNodes: 255
NumEdges: 254
kValue: 0.939336
Temperature: 1.3737
TimeAttractiveForces: 0.00134541
TimeDisperse: 0.00135728
TimeCopyBack: 1.4144e-05

[1;33m@owl: bvh build mem: 255 items, 5.98Kb bounds, 18.25Kb temp, 16.34Kb initBVH, 0b finalBVH[0m
Iteration: 90
Elapsed: 0.0110715
TimeRepulsiveForce: 0.0110715
AvgTimeRepulsiveForce: 0.0104223
TimeBuildAccel: 0.00846861
TimeTraverseAccel: 0.00988307
NumNodes: 255
NumEdges: 254
kValue: 0.939336
Temperature: 1.37232
TimeAttractiveForces: 0.00134934
TimeDisperse: 0.00140864
TimeCopyBack: 8.064e-06

[1;33m@owl: bvh build mem: 255 items, 5.98Kb bounds, 18.25Kb temp, 16.34Kb initBVH, 0b finalBVH[0m
Iteration: 91
Elapsed: 0.0110916
TimeRepulsiveForce: 0.0110916
AvgTimeRepulsiveForce: 0.0104296
TimeBuildAccel: 0.00834701
TimeTraverseAccel: 0.00979014
NumNodes: 255
NumEdges: 254
kValue: 0.939336
Temperature: 1.37095
TimeAttractiveForces: 0.0014135
TimeDisperse: 0.00134864
TimeCopyBack: 1.408e-05

[1;33m@owl: bvh build mem: 255 items, 5.98Kb bounds, 18.25Kb temp, 16.34Kb initBVH, 0b finalBVH[0m
Iteration: 92
Elapsed: 0.0110975
TimeRepulsiveForce: 0.0110975
AvgTimeRepulsiveForce: 0.0104369
TimeBuildAccel: 0.00811552
TimeTraverseAccel: 0.00952035
NumNodes: 255
NumEdges: 254
kValue: 0.939336
Temperature: 1.36958
TimeAttractiveForces: 0.00133939
TimeDisperse: 0.00134781
TimeCopyBack: 1.1808e-05

[1;33m@owl: bvh build mem: 255 items, 5.98Kb bounds, 18.25Kb temp, 16.34Kb initBVH, 0b finalBVH[0m
Iteration: 93
Elapsed: 0.0110694
TimeRepulsiveForce: 0.0110694
AvgTimeRepulsiveForce: 0.0104437
TimeBuildAccel: 0.00847427
TimeTraverseAccel: 0.00987757
NumNodes: 255
NumEdges: 254
kValue: 0.939336
Temperature: 1.36822
TimeAttractiveForces: 0.00127107
TimeDisperse: 0.00140717
TimeCopyBack: 1.2736e-05

[1;33m@owl: bvh build mem: 255 items, 5.98Kb bounds, 18.25Kb temp, 16.34Kb initBVH, 0b finalBVH[0m
Iteration: 94
Elapsed: 0.0108972
TimeRepulsiveForce: 0.0108972
AvgTimeRepulsiveForce: 0.0104485
TimeBuildAccel: 0.00813053
TimeTraverseAccel: 0.00952125
NumNodes: 255
NumEdges: 254
kValue: 0.939336
Temperature: 1.36685
TimeAttractiveForces: 0.00134224
TimeDisperse: 0.00135418
TimeCopyBack: 1.504e-05

[1;33m@owl: bvh build mem: 255 items, 5.98Kb bounds, 18.25Kb temp, 16.34Kb initBVH, 0b finalBVH[0m
Iteration: 95
Elapsed: 0.0110146
TimeRepulsiveForce: 0.0110146
AvgTimeRepulsiveForce: 0.0104545
TimeBuildAccel: 0.00842685
TimeTraverseAccel: 0.00972851
NumNodes: 255
NumEdges: 254
kValue: 0.939336
Temperature: 1.36548
TimeAttractiveForces: 0.00133434
TimeDisperse: 0.00142371
TimeCopyBack: 9.984e-06

[1;33m@owl: bvh build mem: 255 items, 5.98Kb bounds, 18.25Kb temp, 16.34Kb initBVH, 0b finalBVH[0m
Iteration: 96
Elapsed: 0.0111328
TimeRepulsiveForce: 0.0111328
AvgTimeRepulsiveForce: 0.0104616
TimeBuildAccel: 0.00839926
TimeTraverseAccel: 0.00984224
NumNodes: 255
NumEdges: 254
kValue: 0.939336
Temperature: 1.36412
TimeAttractiveForces: 0.00139066
TimeDisperse: 0.00133594
TimeCopyBack: 1.216e-05

[1;33m@owl: bvh build mem: 255 items, 5.98Kb bounds, 18.25Kb temp, 16.34Kb initBVH, 0b finalBVH[0m
Iteration: 97
Elapsed: 0.0104892
TimeRepulsiveForce: 0.0104892
AvgTimeRepulsiveForce: 0.0104618
TimeBuildAccel: 0.00801472
TimeTraverseAccel: 0.00930368
NumNodes: 255
NumEdges: 254
kValue: 0.939336
Temperature: 1.36276
TimeAttractiveForces: 0.00135786
TimeDisperse: 0.00144045
TimeCopyBack: 1.1104e-05

[1;33m@owl: bvh build mem: 255 items, 5.98Kb bounds, 18.25Kb temp, 16.34Kb initBVH, 0b finalBVH[0m
Iteration: 98
Elapsed: 0.0111966
TimeRepulsiveForce: 0.0111966
AvgTimeRepulsiveForce: 0.0104693
TimeBuildAccel: 0.00841053
TimeTraverseAccel: 0.00990032
NumNodes: 255
NumEdges: 254
kValue: 0.939336
Temperature: 1.36139
TimeAttractiveForces: 0.00140493
TimeDisperse: 0.00134758
TimeCopyBack: 8.832e-06

[1;33m@owl: bvh build mem: 255 items, 5.98Kb bounds, 18.25Kb temp, 16.34Kb initBVH, 0b finalBVH[0m
Iteration: 99
Elapsed: 0.0106313
TimeRepulsiveForce: 0.0106313
AvgTimeRepulsiveForce: 0.010471
TimeBuildAccel: 0.00802925
TimeTraverseAccel: 0.00943821
NumNodes: 255
NumEdges: 254
kValue: 0.939336
Temperature: 1.36003
TimeAttractiveForces: 0.00136397
TimeDisperse: 0.00140288
TimeCopyBack: 8.224e-06

[1;33m@owl: bvh build mem: 255 items, 5.98Kb bounds, 18.25Kb temp, 16.34Kb initBVH, 0b finalBVH[0m
Iteration: 100
Elapsed: 0.011168
TimeRepulsiveForce: 0.011168
AvgTimeRepulsiveForce: 0.0104779
TimeBuildAccel: 0.00841488
TimeTraverseAccel: 0.00987776
NumNodes: 255
NumEdges: 254
kValue: 0.939336
Temperature: 1.35868
TimeAttractiveForces: 0.00141142
TimeDisperse: 0.00125366
TimeCopyBack: 1.4304e-05

[1;33m@owl: bvh build mem: 255 items, 5.98Kb bounds, 18.25Kb temp, 16.34Kb initBVH, 0b finalBVH[0m
Iteration: 101
Elapsed: 0.0107307
TimeRepulsiveForce: 0.0107307
AvgTimeRepulsiveForce: 0.0104804
TimeBuildAccel: 0.0081279
TimeTraverseAccel: 0.00953958
NumNodes: 255
NumEdges: 254
kValue: 0.939336
Temperature: 1.35732
TimeAttractiveForces: 0.00135782
TimeDisperse: 0.00140902
TimeCopyBack: 1.312e-05

Total time for 100 iterations: 2.09025 sec.
